Using pre-set license
Built from '2020.3/staging' branch; Version is '2020.3.8f1 (507919d4fff5) revision 5273881'; Using compiler version '192528614'; Build Type 'Release'
OS: 'Windows 10 Pro; OS build 19041.985; Version 2004; 64bit' Language: 'ko' Physical Memory: 16348 MB
BatchMode: 1, IsHumanControllingUs: 0, StartBugReporterOnCrash: 0, Is64bit: 1, IsPro: 0

 COMMAND LINE ARGUMENTS:
C:\Program Files\Unity\Hub\Editor\2020.3.8f1\Editor\Unity.exe
-adb2
-batchMode
-noUpm
-name
AssetImportWorker0
-projectPath
D:/Program Works/ARFurnitureProject
-logFile
Logs/AssetImportWorker0.log
-srvPort
9558
Successfully changed project path to: D:/Program Works/ARFurnitureProject
D:/Program Works/ARFurnitureProject
Using Asset Import Pipeline V2.
Refreshing native plugins compatible for Editor in 33.06 ms, found 0 plugins.
Preloading 0 native plugins for Editor in 0.00 ms.
Initialize engine version: 2020.3.8f1 (507919d4fff5)
[Subsystems] Discovering subsystems at path C:/Program Files/Unity/Hub/Editor/2020.3.8f1/Editor/Data/Resources/UnitySubsystems
[Subsystems] Discovering subsystems at path D:/Program Works/ARFurnitureProject/Assets
GfxDevice: creating device client; threaded=0
Direct3D:
    Version:  Direct3D 11.0 [level 11.1]
    Renderer: NVIDIA GeForce GTX 1060 6GB (ID=0x1c03)
    Vendor:   
    VRAM:     6052 MB
    Driver:   27.21.14.6647
Initialize mono
Mono path[0] = 'C:/Program Files/Unity/Hub/Editor/2020.3.8f1/Editor/Data/Managed'
Mono path[1] = 'C:/Program Files/Unity/Hub/Editor/2020.3.8f1/Editor/Data/MonoBleedingEdge/lib/mono/unityjit'
Mono config path = 'C:/Program Files/Unity/Hub/Editor/2020.3.8f1/Editor/Data/MonoBleedingEdge/etc'
Using monoOptions --debugger-agent=transport=dt_socket,embedding=1,server=y,suspend=n,address=127.0.0.1:56804
Begin MonoManager ReloadAssembly
Registering precompiled unity dll's ...
Register platform support module: C:/Program Files/Unity/Hub/Editor/2020.3.8f1/Editor/Data/PlaybackEngines/WindowsStandaloneSupport/UnityEditor.WindowsStandalone.Extensions.dll
Registered in 0.003832 seconds.
Native extension for WindowsStandalone target not found
Refreshing native plugins compatible for Editor in 27.79 ms, found 0 plugins.
Preloading 0 native plugins for Editor in 0.00 ms.
Mono: successfully reloaded assembly
- Completed reload, in  2.163 seconds
Platform modules already initialized, skipping
Registering precompiled user dll's ...
Registered in 0.000633 seconds.
Begin MonoManager ReloadAssembly
Native extension for WindowsStandalone target not found
Refreshing native plugins compatible for Editor in 0.26 ms, found 0 plugins.
Preloading 0 native plugins for Editor in 0.00 ms.
Mono: successfully reloaded assembly
- Completed reload, in  0.830 seconds
Platform modules already initialized, skipping
========================================================================
Worker process is ready to serve import requests
Launched and connected shader compiler UnityShaderCompiler.exe after 0.05 seconds
Refreshing native plugins compatible for Editor in 0.38 ms, found 0 plugins.
Preloading 0 native plugins for Editor in 0.00 ms.
Unloading 1476 Unused Serialized files (Serialized files now loaded: 0)
System memory in use before: 72.3 MB.
System memory in use after: 72.4 MB.

Unloading 12 unused Assets to reduce memory usage. Loaded Objects now: 1920.
Total: 2.178500 ms (FindLiveObjects: 0.163000 ms CreateObjectMapping: 0.053800 ms MarkObjects: 1.822000 ms  DeleteObjects: 0.138100 ms)

========================================================================
Received Import Request.
  path: ProjectSettings/TagManager.asset
  artifactKey: Guid(00000000000000003000000000000000) Importer(815301076,1909f56bfc062723c751e8b465ee728b)
Start importing ProjectSettings/TagManager.asset using Guid(00000000000000003000000000000000) Importer(815301076,1909f56bfc062723c751e8b465ee728b)  -> (artifact id: 'ce6a35c3cddc746e7501c0bd0ed6d4ce') in 0.039947 seconds
  Import took 0.042169 seconds .

========================================================================
Received Import Request.
  Time since last request: 15.586433 seconds.
  path: Assets/CWJ/DressingTable.prefab
  artifactKey: Guid(7b31068df237921489dedcc3c46612c2) Importer(815301076,1909f56bfc062723c751e8b465ee728b)
Start importing Assets/CWJ/DressingTable.prefab using Guid(7b31068df237921489dedcc3c46612c2) Importer(815301076,1909f56bfc062723c751e8b465ee728b)  -> (artifact id: 'b4b076373908ff735846031d780d5c16') in 0.081667 seconds
  Import took 0.084646 seconds .

========================================================================
Received Import Request.
  Time since last request: 3.944691 seconds.
  path: Assets/HHJ/Table.prefab
  artifactKey: Guid(8ff0d01ef6e904e4fbefd9d25da14c12) Importer(815301076,1909f56bfc062723c751e8b465ee728b)
Start importing Assets/HHJ/Table.prefab using Guid(8ff0d01ef6e904e4fbefd9d25da14c12) Importer(815301076,1909f56bfc062723c751e8b465ee728b)  -> (artifact id: '7aba20cbdaffbff41db57b58818c4a06') in 0.013291 seconds
  Import took 0.016083 seconds .

========================================================================
Received Import Request.
  Time since last request: 13.805273 seconds.
  path: Assets/KHY/Chair.prefab
  artifactKey: Guid(67343d01ae8dbf04795ef371e9164972) Importer(815301076,1909f56bfc062723c751e8b465ee728b)
Start importing Assets/KHY/Chair.prefab using Guid(67343d01ae8dbf04795ef371e9164972) Importer(815301076,1909f56bfc062723c751e8b465ee728b)  -> (artifact id: 'f6c6bea58c46123c152e4f9d643241b1') in 0.017574 seconds
  Import took 0.020432 seconds .

========================================================================
Received Import Request.
  Time since last request: 2.065297 seconds.
  path: Assets/KHY/Chair.prefab
  artifactKey: Guid(67343d01ae8dbf04795ef371e9164972) Importer(815301076,1909f56bfc062723c751e8b465ee728b)
Start importing Assets/KHY/Chair.prefab using Guid(67343d01ae8dbf04795ef371e9164972) Importer(815301076,1909f56bfc062723c751e8b465ee728b)  -> (artifact id: 'c7b7ebd6e4d60b986e5930b743c777f8') in 0.009446 seconds
  Import took 0.012273 seconds .

========================================================================
Received Import Request.
  Time since last request: 1.934877 seconds.
  path: Assets/KSJ/Refrigerator.prefab
  artifactKey: Guid(10d0cb8475db12a4b84108ac31ec9d5c) Importer(815301076,1909f56bfc062723c751e8b465ee728b)
Start importing Assets/KSJ/Refrigerator.prefab using Guid(10d0cb8475db12a4b84108ac31ec9d5c) Importer(815301076,1909f56bfc062723c751e8b465ee728b)  -> (artifact id: '28b846e1821ccc3a2ce391b3d82ffe1f') in 0.039546 seconds
  Import took 0.042407 seconds .

========================================================================
Received Import Request.
  Time since last request: 2.207901 seconds.
  path: Assets/KSJ/Refrigerator.prefab
  artifactKey: Guid(10d0cb8475db12a4b84108ac31ec9d5c) Importer(815301076,1909f56bfc062723c751e8b465ee728b)
Start importing Assets/KSJ/Refrigerator.prefab using Guid(10d0cb8475db12a4b84108ac31ec9d5c) Importer(815301076,1909f56bfc062723c751e8b465ee728b)  -> (artifact id: '9cc28a26d0e92d254d4a07031b396288') in 0.012044 seconds
  Import took 0.015096 seconds .

========================================================================
Received Import Request.
  Time since last request: 5.628936 seconds.
  path: Assets/LCW/CatTower.prefab
  artifactKey: Guid(8400269d2468744abaa8eef466ddf128) Importer(815301076,1909f56bfc062723c751e8b465ee728b)
Start importing Assets/LCW/CatTower.prefab using Guid(8400269d2468744abaa8eef466ddf128) Importer(815301076,1909f56bfc062723c751e8b465ee728b)  -> (artifact id: '6ebf2061bf4b8907a93e97514af207d4') in 0.028633 seconds
  Import took 0.031286 seconds .

========================================================================
Received Import Request.
  Time since last request: 2.018931 seconds.
  path: Assets/LCW/CatTower.prefab
  artifactKey: Guid(8400269d2468744abaa8eef466ddf128) Importer(815301076,1909f56bfc062723c751e8b465ee728b)
Start importing Assets/LCW/CatTower.prefab using Guid(8400269d2468744abaa8eef466ddf128) Importer(815301076,1909f56bfc062723c751e8b465ee728b)  -> (artifact id: '0ccd7163a2df0be28c24290f9f8ee25d') in 0.008804 seconds
  Import took 0.011955 seconds .

========================================================================
Received Import Request.
  Time since last request: 4.152129 seconds.
  path: Assets/PJH/Cabinet.prefab
  artifactKey: Guid(47172ed0b2824ba49ab59248d2eea6ca) Importer(815301076,1909f56bfc062723c751e8b465ee728b)
Start importing Assets/PJH/Cabinet.prefab using Guid(47172ed0b2824ba49ab59248d2eea6ca) Importer(815301076,1909f56bfc062723c751e8b465ee728b)  -> (artifact id: '02c3f1f1a6c329be8640a9153041d2fe') in 0.041170 seconds
  Import took 0.044389 seconds .

========================================================================
Received Import Request.
  Time since last request: 234.700679 seconds.
  path: Assets/Scripts/FurnitureManager.cs
  artifactKey: Guid(c746359e72829b643b93165780aef593) Importer(815301076,1909f56bfc062723c751e8b465ee728b)
Start importing Assets/Scripts/FurnitureManager.cs using Guid(c746359e72829b643b93165780aef593) Importer(815301076,1909f56bfc062723c751e8b465ee728b)  -> (artifact id: '27b4abefd5079145713c25b6236cb016') in 0.017910 seconds
  Import took 0.020264 seconds .

========================================================================
Received Import Request.
  Time since last request: 0.013647 seconds.
  path: Assets/Scripts/FurnitureManager.cs
  artifactKey: Guid(c746359e72829b643b93165780aef593) Importer(815301076,1909f56bfc062723c751e8b465ee728b)
Start importing Assets/Scripts/FurnitureManager.cs using Guid(c746359e72829b643b93165780aef593) Importer(815301076,1909f56bfc062723c751e8b465ee728b)  -> (artifact id: '27b4abefd5079145713c25b6236cb016') in 0.002591 seconds
  Import took 0.005051 seconds .

========================================================================
Received Import Request.
  Time since last request: 63.958951 seconds.
  path: Assets/Scripts/FurnitureManager.cs
  artifactKey: Guid(c746359e72829b643b93165780aef593) Importer(815301076,1909f56bfc062723c751e8b465ee728b)
Start importing Assets/Scripts/FurnitureManager.cs using Guid(c746359e72829b643b93165780aef593) Importer(815301076,1909f56bfc062723c751e8b465ee728b)  -> (artifact id: '85d7144531ad83ea761239a5e97d5714') in 0.003278 seconds
  Import took 0.010899 seconds .

========================================================================
Received Prepare
Registering precompiled user dll's ...
Registered in 0.000639 seconds.
Begin MonoManager ReloadAssembly
Native extension for WindowsStandalone target not found
Refreshing native plugins compatible for Editor in 0.26 ms, found 0 plugins.
Preloading 0 native plugins for Editor in 0.00 ms.
Mono: successfully reloaded assembly
- Completed reload, in  1.019 seconds
Platform modules already initialized, skipping
Switching build target platform(5) subTarget(0) extendedPlatform(0) -> platform(13) subTarget(524288) extendedPlatform(0)
Refreshing native plugins compatible for Editor in 0.25 ms, found 0 plugins.
Preloading 0 native plugins for Editor in 0.00 ms.
Unloading 1458 Unused Serialized files (Serialized files now loaded: 0)
System memory in use before: 73.9 MB.
System memory in use after: 73.9 MB.

Unloading 9 unused Assets to reduce memory usage. Loaded Objects now: 1935.
Total: 1.607900 ms (FindLiveObjects: 0.159900 ms CreateObjectMapping: 0.035500 ms MarkObjects: 1.350300 ms  DeleteObjects: 0.061200 ms)

AssetImportParameters requested are different than current active one (requested -> active):
  custom:graphics/normal-map-encoding: 01000000000000000000000000000000 -> 02000000000000000000000000000000
========================================================================
Received Prepare
Registering precompiled user dll's ...
Registered in 0.000926 seconds.
Begin MonoManager ReloadAssembly
Native extension for WindowsStandalone target not found
Refreshing native plugins compatible for Editor in 0.27 ms, found 0 plugins.
Preloading 0 native plugins for Editor in 0.00 ms.
Mono: successfully reloaded assembly
- Completed reload, in  0.948 seconds
Platform modules already initialized, skipping
Switching build target platform(5) subTarget(0) extendedPlatform(0) -> platform(13) subTarget(524288) extendedPlatform(0)
Refreshing native plugins compatible for Editor in 0.25 ms, found 0 plugins.
Preloading 0 native plugins for Editor in 0.00 ms.
Unloading 1458 Unused Serialized files (Serialized files now loaded: 0)
System memory in use before: 73.9 MB.
System memory in use after: 74.0 MB.

Unloading 7 unused Assets to reduce memory usage. Loaded Objects now: 1939.
Total: 2.019300 ms (FindLiveObjects: 0.148500 ms CreateObjectMapping: 0.034800 ms MarkObjects: 1.778400 ms  DeleteObjects: 0.056500 ms)

AssetImportParameters requested are different than current active one (requested -> active):
  custom:graphics/normal-map-encoding: 01000000000000000000000000000000 -> 02000000000000000000000000000000
========================================================================
Received Prepare
Registering precompiled user dll's ...
Registered in 0.000966 seconds.
Begin MonoManager ReloadAssembly
Native extension for WindowsStandalone target not found
Refreshing native plugins compatible for Editor in 0.26 ms, found 0 plugins.
Preloading 0 native plugins for Editor in 0.00 ms.
Mono: successfully reloaded assembly
- Completed reload, in  0.833 seconds
Platform modules already initialized, skipping
Switching build target platform(5) subTarget(0) extendedPlatform(0) -> platform(13) subTarget(524288) extendedPlatform(0)
Refreshing native plugins compatible for Editor in 0.25 ms, found 0 plugins.
Preloading 0 native plugins for Editor in 0.00 ms.
Unloading 1458 Unused Serialized files (Serialized files now loaded: 0)
System memory in use before: 73.9 MB.
System memory in use after: 74.0 MB.

Unloading 7 unused Assets to reduce memory usage. Loaded Objects now: 1943.
Total: 1.684300 ms (FindLiveObjects: 0.143900 ms CreateObjectMapping: 0.047900 ms MarkObjects: 1.439500 ms  DeleteObjects: 0.052000 ms)

AssetImportParameters requested are different than current active one (requested -> active):
  custom:graphics/normal-map-encoding: 01000000000000000000000000000000 -> 02000000000000000000000000000000
========================================================================
Received Import Request.
  Time since last request: 3187.116170 seconds.
  path: Assets/Saves
  artifactKey: Guid(cff4d40dc22b8494b838344b0e80d37e) Importer(815301076,1909f56bfc062723c751e8b465ee728b)
Start importing Assets/Saves using Guid(cff4d40dc22b8494b838344b0e80d37e) Importer(815301076,1909f56bfc062723c751e8b465ee728b)  -> (artifact id: '42d577d3f2337373924a9af6384dc44a') in 0.010933 seconds
  Import took 0.023955 seconds .

========================================================================
Received Prepare
Refreshing native plugins compatible for Editor in 0.99 ms, found 0 plugins.
Preloading 0 native plugins for Editor in 0.00 ms.
Unloading 4 Unused Serialized files (Serialized files now loaded: 0)
System memory in use before: 45.1 MB.
System memory in use after: 45.2 MB.

Unloading 3 unused Assets to reduce memory usage. Loaded Objects now: 1944.
Total: 2.167500 ms (FindLiveObjects: 0.172300 ms CreateObjectMapping: 0.053800 ms MarkObjects: 1.886000 ms  DeleteObjects: 0.054300 ms)

========================================================================
Received Prepare
Refreshing native plugins compatible for Editor in 0.62 ms, found 0 plugins.
Preloading 0 native plugins for Editor in 0.00 ms.
Unloading 3 Unused Serialized files (Serialized files now loaded: 0)
System memory in use before: 45.0 MB.
System memory in use after: 45.1 MB.

Unloading 3 unused Assets to reduce memory usage. Loaded Objects now: 1944.
Total: 2.083400 ms (FindLiveObjects: 0.182600 ms CreateObjectMapping: 0.077700 ms MarkObjects: 1.777000 ms  DeleteObjects: 0.045100 ms)

========================================================================
Received Prepare
Refreshing native plugins compatible for Editor in 0.72 ms, found 0 plugins.
Preloading 0 native plugins for Editor in 0.00 ms.
Unloading 3 Unused Serialized files (Serialized files now loaded: 0)
System memory in use before: 45.0 MB.
System memory in use after: 45.1 MB.

Unloading 3 unused Assets to reduce memory usage. Loaded Objects now: 1944.
Total: 2.262500 ms (FindLiveObjects: 0.157300 ms CreateObjectMapping: 0.037900 ms MarkObjects: 2.016400 ms  DeleteObjects: 0.049600 ms)

========================================================================
Received Prepare
Refreshing native plugins compatible for Editor in 0.64 ms, found 0 plugins.
Preloading 0 native plugins for Editor in 0.00 ms.
Unloading 3 Unused Serialized files (Serialized files now loaded: 0)
System memory in use before: 45.0 MB.
System memory in use after: 45.1 MB.

Unloading 3 unused Assets to reduce memory usage. Loaded Objects now: 1944.
Total: 2.050300 ms (FindLiveObjects: 0.149300 ms CreateObjectMapping: 0.047400 ms MarkObjects: 1.797700 ms  DeleteObjects: 0.054500 ms)

