Using pre-set license
Built from '2020.3/staging' branch; Version is '2020.3.8f1 (507919d4fff5) revision 5273881'; Using compiler version '192528614'; Build Type 'Release'
OS: 'Windows 10 Pro; OS build 19041.985; Version 2004; 64bit' Language: 'ko' Physical Memory: 16348 MB
BatchMode: 1, IsHumanControllingUs: 0, StartBugReporterOnCrash: 0, Is64bit: 1, IsPro: 0

 COMMAND LINE ARGUMENTS:
C:\Program Files\Unity\Hub\Editor\2020.3.8f1\Editor\Unity.exe
-adb2
-batchMode
-noUpm
-name
AssetImportWorker0
-projectPath
D:/Program Works/ARFurnitureProject
-logFile
Logs/AssetImportWorker0.log
-srvPort
14301
Successfully changed project path to: D:/Program Works/ARFurnitureProject
D:/Program Works/ARFurnitureProject
Using Asset Import Pipeline V2.
Refreshing native plugins compatible for Editor in 34.73 ms, found 0 plugins.
Preloading 0 native plugins for Editor in 0.00 ms.
Initialize engine version: 2020.3.8f1 (507919d4fff5)
[Subsystems] Discovering subsystems at path C:/Program Files/Unity/Hub/Editor/2020.3.8f1/Editor/Data/Resources/UnitySubsystems
[Subsystems] Discovering subsystems at path D:/Program Works/ARFurnitureProject/Assets
GfxDevice: creating device client; threaded=0
Direct3D:
    Version:  Direct3D 11.0 [level 11.1]
    Renderer: NVIDIA GeForce GTX 1060 6GB (ID=0x1c03)
    Vendor:   
    VRAM:     6052 MB
    Driver:   27.21.14.6647
Initialize mono
Mono path[0] = 'C:/Program Files/Unity/Hub/Editor/2020.3.8f1/Editor/Data/Managed'
Mono path[1] = 'C:/Program Files/Unity/Hub/Editor/2020.3.8f1/Editor/Data/MonoBleedingEdge/lib/mono/unityjit'
Mono config path = 'C:/Program Files/Unity/Hub/Editor/2020.3.8f1/Editor/Data/MonoBleedingEdge/etc'
Using monoOptions --debugger-agent=transport=dt_socket,embedding=1,server=y,suspend=n,address=127.0.0.1:56180
Begin MonoManager ReloadAssembly
Registering precompiled unity dll's ...
Register platform support module: C:/Program Files/Unity/Hub/Editor/2020.3.8f1/Editor/Data/PlaybackEngines/WindowsStandaloneSupport/UnityEditor.WindowsStandalone.Extensions.dll
Registered in 0.002504 seconds.
Native extension for WindowsStandalone target not found
Refreshing native plugins compatible for Editor in 25.40 ms, found 0 plugins.
Preloading 0 native plugins for Editor in 0.00 ms.
Mono: successfully reloaded assembly
- Completed reload, in  2.208 seconds
Platform modules already initialized, skipping
Registering precompiled user dll's ...
Registered in 0.000965 seconds.
Begin MonoManager ReloadAssembly
Native extension for WindowsStandalone target not found
Refreshing native plugins compatible for Editor in 0.29 ms, found 0 plugins.
Preloading 0 native plugins for Editor in 0.00 ms.
Mono: successfully reloaded assembly
- Completed reload, in  1.085 seconds
Platform modules already initialized, skipping
========================================================================
Worker process is ready to serve import requests
Launched and connected shader compiler UnityShaderCompiler.exe after 0.07 seconds
Refreshing native plugins compatible for Editor in 0.82 ms, found 0 plugins.
Preloading 0 native plugins for Editor in 0.00 ms.
Unloading 1463 Unused Serialized files (Serialized files now loaded: 0)
System memory in use before: 70.1 MB.
System memory in use after: 70.2 MB.

Unloading 12 unused Assets to reduce memory usage. Loaded Objects now: 1906.
Total: 1.684900 ms (FindLiveObjects: 0.137300 ms CreateObjectMapping: 0.041800 ms MarkObjects: 1.419400 ms  DeleteObjects: 0.085000 ms)

========================================================================
Received Import Request.
  path: Assets/Scripts/FurnitureManager.cs
  artifactKey: Guid(c746359e72829b643b93165780aef593) Importer(815301076,1909f56bfc062723c751e8b465ee728b)
Start importing Assets/Scripts/FurnitureManager.cs using Guid(c746359e72829b643b93165780aef593) Importer(815301076,1909f56bfc062723c751e8b465ee728b)  -> (artifact id: '92b6f13dea0e79fd84fbcbd2d59b4fd4') in 0.055858 seconds
  Import took 0.083962 seconds .

========================================================================
Received Prepare
Registering precompiled user dll's ...
Registered in 0.004490 seconds.
Begin MonoManager ReloadAssembly
Native extension for WindowsStandalone target not found
Refreshing native plugins compatible for Editor in 0.25 ms, found 0 plugins.
Preloading 0 native plugins for Editor in 0.00 ms.
Mono: successfully reloaded assembly
- Completed reload, in  1.429 seconds
Platform modules already initialized, skipping
Switching build target platform(5) subTarget(0) extendedPlatform(0) -> platform(13) subTarget(524288) extendedPlatform(0)
Refreshing native plugins compatible for Editor in 0.39 ms, found 0 plugins.
Preloading 0 native plugins for Editor in 0.00 ms.
Unloading 1457 Unused Serialized files (Serialized files now loaded: 0)
System memory in use before: 69.8 MB.
System memory in use after: 69.8 MB.

Unloading 7 unused Assets to reduce memory usage. Loaded Objects now: 1910.
Total: 1.743800 ms (FindLiveObjects: 0.140700 ms CreateObjectMapping: 0.038300 ms MarkObjects: 1.509600 ms  DeleteObjects: 0.054100 ms)

AssetImportParameters requested are different than current active one (requested -> active):
  custom:graphics/normal-map-encoding: 01000000000000000000000000000000 -> 02000000000000000000000000000000
========================================================================
Received Prepare
Registering precompiled user dll's ...
Registered in 0.001102 seconds.
Begin MonoManager ReloadAssembly
Native extension for WindowsStandalone target not found
Refreshing native plugins compatible for Editor in 0.24 ms, found 0 plugins.
Preloading 0 native plugins for Editor in 0.00 ms.
Mono: successfully reloaded assembly
- Completed reload, in  0.829 seconds
Platform modules already initialized, skipping
Switching build target platform(5) subTarget(0) extendedPlatform(0) -> platform(13) subTarget(524288) extendedPlatform(0)
Refreshing native plugins compatible for Editor in 0.23 ms, found 0 plugins.
Preloading 0 native plugins for Editor in 0.00 ms.
Unloading 1457 Unused Serialized files (Serialized files now loaded: 0)
System memory in use before: 69.8 MB.
System memory in use after: 69.9 MB.

Unloading 7 unused Assets to reduce memory usage. Loaded Objects now: 1914.
Total: 1.522800 ms (FindLiveObjects: 0.143100 ms CreateObjectMapping: 0.040700 ms MarkObjects: 1.283400 ms  DeleteObjects: 0.054700 ms)

AssetImportParameters requested are different than current active one (requested -> active):
  custom:graphics/normal-map-encoding: 01000000000000000000000000000000 -> 02000000000000000000000000000000
========================================================================
Received Prepare
Registering precompiled user dll's ...
Registered in 0.000853 seconds.
Begin MonoManager ReloadAssembly
Native extension for WindowsStandalone target not found
Refreshing native plugins compatible for Editor in 0.25 ms, found 0 plugins.
Preloading 0 native plugins for Editor in 0.00 ms.
Mono: successfully reloaded assembly
- Completed reload, in  0.852 seconds
Platform modules already initialized, skipping
Switching build target platform(5) subTarget(0) extendedPlatform(0) -> platform(13) subTarget(524288) extendedPlatform(0)
Refreshing native plugins compatible for Editor in 0.24 ms, found 0 plugins.
Preloading 0 native plugins for Editor in 0.00 ms.
Unloading 1457 Unused Serialized files (Serialized files now loaded: 0)
System memory in use before: 69.8 MB.
System memory in use after: 69.9 MB.

Unloading 7 unused Assets to reduce memory usage. Loaded Objects now: 1918.
Total: 1.719800 ms (FindLiveObjects: 0.133100 ms CreateObjectMapping: 0.043300 ms MarkObjects: 1.479400 ms  DeleteObjects: 0.063000 ms)

AssetImportParameters requested are different than current active one (requested -> active):
  custom:graphics/normal-map-encoding: 01000000000000000000000000000000 -> 02000000000000000000000000000000
========================================================================
Received Prepare
Registering precompiled user dll's ...
Registered in 0.000744 seconds.
Begin MonoManager ReloadAssembly
Native extension for WindowsStandalone target not found
Refreshing native plugins compatible for Editor in 0.25 ms, found 0 plugins.
Preloading 0 native plugins for Editor in 0.00 ms.
Mono: successfully reloaded assembly
- Completed reload, in  0.835 seconds
Platform modules already initialized, skipping
Switching build target platform(5) subTarget(0) extendedPlatform(0) -> platform(13) subTarget(524288) extendedPlatform(0)
Refreshing native plugins compatible for Editor in 0.24 ms, found 0 plugins.
Preloading 0 native plugins for Editor in 0.00 ms.
Unloading 1470 Unused Serialized files (Serialized files now loaded: 0)
System memory in use before: 71.8 MB.
System memory in use after: 71.2 MB.

Unloading 20 unused Assets to reduce memory usage. Loaded Objects now: 1922.
Total: 1.770500 ms (FindLiveObjects: 0.128800 ms CreateObjectMapping: 0.037100 ms MarkObjects: 1.335000 ms  DeleteObjects: 0.268600 ms)

AssetImportParameters requested are different than current active one (requested -> active):
  custom:graphics/normal-map-encoding: 01000000000000000000000000000000 -> 02000000000000000000000000000000
========================================================================
Received Prepare
Registering precompiled user dll's ...
Registered in 0.000999 seconds.
Begin MonoManager ReloadAssembly
Native extension for WindowsStandalone target not found
Refreshing native plugins compatible for Editor in 0.24 ms, found 0 plugins.
Preloading 0 native plugins for Editor in 0.00 ms.
Mono: successfully reloaded assembly
- Completed reload, in  0.867 seconds
Platform modules already initialized, skipping
Switching build target platform(5) subTarget(0) extendedPlatform(0) -> platform(13) subTarget(524288) extendedPlatform(0)
Refreshing native plugins compatible for Editor in 0.26 ms, found 0 plugins.
Preloading 0 native plugins for Editor in 0.00 ms.
Unloading 1470 Unused Serialized files (Serialized files now loaded: 0)
System memory in use before: 71.8 MB.
System memory in use after: 71.3 MB.

Unloading 20 unused Assets to reduce memory usage. Loaded Objects now: 1926.
Total: 1.959600 ms (FindLiveObjects: 0.157600 ms CreateObjectMapping: 0.043800 ms MarkObjects: 1.467800 ms  DeleteObjects: 0.289800 ms)

AssetImportParameters requested are different than current active one (requested -> active):
  custom:graphics/normal-map-encoding: 01000000000000000000000000000000 -> 02000000000000000000000000000000
========================================================================
Received Prepare
Registering precompiled user dll's ...
Registered in 0.000887 seconds.
Begin MonoManager ReloadAssembly
Native extension for WindowsStandalone target not found
Refreshing native plugins compatible for Editor in 0.25 ms, found 0 plugins.
Preloading 0 native plugins for Editor in 0.00 ms.
Mono: successfully reloaded assembly
- Completed reload, in  0.844 seconds
Platform modules already initialized, skipping
Switching build target platform(5) subTarget(0) extendedPlatform(0) -> platform(13) subTarget(524288) extendedPlatform(0)
Refreshing native plugins compatible for Editor in 0.24 ms, found 0 plugins.
Preloading 0 native plugins for Editor in 0.00 ms.
Unloading 1470 Unused Serialized files (Serialized files now loaded: 0)
System memory in use before: 71.8 MB.
System memory in use after: 71.3 MB.

Unloading 20 unused Assets to reduce memory usage. Loaded Objects now: 1930.
Total: 1.705800 ms (FindLiveObjects: 0.129400 ms CreateObjectMapping: 0.039100 ms MarkObjects: 1.258200 ms  DeleteObjects: 0.278600 ms)

AssetImportParameters requested are different than current active one (requested -> active):
  custom:graphics/normal-map-encoding: 01000000000000000000000000000000 -> 02000000000000000000000000000000
========================================================================
Received Prepare
Refreshing native plugins compatible for Editor in 0.72 ms, found 0 plugins.
Preloading 0 native plugins for Editor in 0.00 ms.
Unloading 17 Unused Serialized files (Serialized files now loaded: 0)
System memory in use before: 42.9 MB.
System memory in use after: 42.4 MB.

Unloading 16 unused Assets to reduce memory usage. Loaded Objects now: 1931.
Total: 2.277800 ms (FindLiveObjects: 0.141900 ms CreateObjectMapping: 0.043000 ms MarkObjects: 1.797000 ms  DeleteObjects: 0.295000 ms)

========================================================================
Received Prepare
Registering precompiled user dll's ...
Registered in 0.000868 seconds.
Begin MonoManager ReloadAssembly
Native extension for WindowsStandalone target not found
Refreshing native plugins compatible for Editor in 0.25 ms, found 0 plugins.
Preloading 0 native plugins for Editor in 0.00 ms.
Mono: successfully reloaded assembly
- Completed reload, in  0.824 seconds
Platform modules already initialized, skipping
Switching build target platform(5) subTarget(0) extendedPlatform(0) -> platform(13) subTarget(524288) extendedPlatform(0)
Refreshing native plugins compatible for Editor in 0.24 ms, found 0 plugins.
Preloading 0 native plugins for Editor in 0.00 ms.
Unloading 1469 Unused Serialized files (Serialized files now loaded: 0)
System memory in use before: 71.8 MB.
System memory in use after: 71.2 MB.

Unloading 20 unused Assets to reduce memory usage. Loaded Objects now: 1934.
Total: 1.783800 ms (FindLiveObjects: 0.150200 ms CreateObjectMapping: 0.046600 ms MarkObjects: 1.284900 ms  DeleteObjects: 0.301200 ms)

AssetImportParameters requested are different than current active one (requested -> active):
  custom:graphics/normal-map-encoding: 01000000000000000000000000000000 -> 02000000000000000000000000000000
========================================================================
Received Prepare
Refreshing native plugins compatible for Editor in 0.74 ms, found 0 plugins.
Preloading 0 native plugins for Editor in 0.00 ms.
Unloading 17 Unused Serialized files (Serialized files now loaded: 0)
System memory in use before: 42.9 MB.
System memory in use after: 42.4 MB.

Unloading 16 unused Assets to reduce memory usage. Loaded Objects now: 1935.
Total: 1.995300 ms (FindLiveObjects: 0.162000 ms CreateObjectMapping: 0.043700 ms MarkObjects: 1.464700 ms  DeleteObjects: 0.323900 ms)

========================================================================
Received Prepare
Registering precompiled user dll's ...
Registered in 0.000804 seconds.
Begin MonoManager ReloadAssembly
Native extension for WindowsStandalone target not found
Refreshing native plugins compatible for Editor in 0.25 ms, found 0 plugins.
Preloading 0 native plugins for Editor in 0.00 ms.
Mono: successfully reloaded assembly
- Completed reload, in  0.853 seconds
Platform modules already initialized, skipping
Switching build target platform(5) subTarget(0) extendedPlatform(0) -> platform(13) subTarget(524288) extendedPlatform(0)
Refreshing native plugins compatible for Editor in 0.25 ms, found 0 plugins.
Preloading 0 native plugins for Editor in 0.00 ms.
Unloading 1469 Unused Serialized files (Serialized files now loaded: 0)
System memory in use before: 71.8 MB.
System memory in use after: 71.2 MB.

Unloading 20 unused Assets to reduce memory usage. Loaded Objects now: 1938.
Total: 2.019300 ms (FindLiveObjects: 0.148900 ms CreateObjectMapping: 0.044600 ms MarkObjects: 1.507000 ms  DeleteObjects: 0.317500 ms)

AssetImportParameters requested are different than current active one (requested -> active):
  custom:graphics/normal-map-encoding: 01000000000000000000000000000000 -> 02000000000000000000000000000000
========================================================================
Received Prepare
Registering precompiled user dll's ...
Registered in 0.000633 seconds.
Begin MonoManager ReloadAssembly
Native extension for WindowsStandalone target not found
Refreshing native plugins compatible for Editor in 0.25 ms, found 0 plugins.
Preloading 0 native plugins for Editor in 0.00 ms.
Mono: successfully reloaded assembly
- Completed reload, in  1.017 seconds
Platform modules already initialized, skipping
Switching build target platform(5) subTarget(0) extendedPlatform(0) -> platform(13) subTarget(524288) extendedPlatform(0)
Refreshing native plugins compatible for Editor in 0.66 ms, found 0 plugins.
Preloading 0 native plugins for Editor in 0.00 ms.
Unloading 1470 Unused Serialized files (Serialized files now loaded: 0)
System memory in use before: 71.9 MB.
System memory in use after: 71.3 MB.

Unloading 20 unused Assets to reduce memory usage. Loaded Objects now: 1942.
Total: 1.931600 ms (FindLiveObjects: 0.144600 ms CreateObjectMapping: 0.040500 ms MarkObjects: 1.443200 ms  DeleteObjects: 0.302400 ms)

AssetImportParameters requested are different than current active one (requested -> active):
  custom:graphics/normal-map-encoding: 01000000000000000000000000000000 -> 02000000000000000000000000000000
========================================================================
Received Import Request.
  Time since last request: 7446.931326 seconds.
  path: Assets/CWJ/DressingTable.prefab
  artifactKey: Guid(7b31068df237921489dedcc3c46612c2) Importer(815301076,1909f56bfc062723c751e8b465ee728b)
Start importing Assets/CWJ/DressingTable.prefab using Guid(7b31068df237921489dedcc3c46612c2) Importer(815301076,1909f56bfc062723c751e8b465ee728b)  -> (artifact id: 'acfd7cf39fa9c7a4a57b17c5c5e2fb1d') in 0.280746 seconds
  Import took 0.297326 seconds .

========================================================================
Received Import Request.
  Time since last request: 4.337413 seconds.
  path: Assets/HHJ/Table.prefab
  artifactKey: Guid(8ff0d01ef6e904e4fbefd9d25da14c12) Importer(815301076,1909f56bfc062723c751e8b465ee728b)
Start importing Assets/HHJ/Table.prefab using Guid(8ff0d01ef6e904e4fbefd9d25da14c12) Importer(815301076,1909f56bfc062723c751e8b465ee728b)  -> (artifact id: 'd05a3ee160d2c302e48dc93ed1115117') in 0.014094 seconds
  Import took 0.017452 seconds .

========================================================================
Received Import Request.
  Time since last request: 3.241224 seconds.
  path: Assets/HJW/Desklamp.prefab
  artifactKey: Guid(179cbef07b21be048988ba1bfe1c82c0) Importer(815301076,1909f56bfc062723c751e8b465ee728b)
Start importing Assets/HJW/Desklamp.prefab using Guid(179cbef07b21be048988ba1bfe1c82c0) Importer(815301076,1909f56bfc062723c751e8b465ee728b)  -> (artifact id: '444c5f39f446febcc984be5e561a1445') in 0.016119 seconds
  Import took 0.055883 seconds .

========================================================================
Received Import Request.
  Time since last request: 16.389769 seconds.
  path: Assets/JI/Aircon.prefab
  artifactKey: Guid(7c38da243046a464aa1e8e607cef5da2) Importer(815301076,1909f56bfc062723c751e8b465ee728b)
Start importing Assets/JI/Aircon.prefab using Guid(7c38da243046a464aa1e8e607cef5da2) Importer(815301076,1909f56bfc062723c751e8b465ee728b)  -> (artifact id: '19f7c57da1f1d32ca4092bee22315020') in 0.031447 seconds
  Import took 0.046990 seconds .

========================================================================
Received Import Request.
  Time since last request: 5.659200 seconds.
  path: Assets/KHY/Chair.prefab
  artifactKey: Guid(67343d01ae8dbf04795ef371e9164972) Importer(815301076,1909f56bfc062723c751e8b465ee728b)
Start importing Assets/KHY/Chair.prefab using Guid(67343d01ae8dbf04795ef371e9164972) Importer(815301076,1909f56bfc062723c751e8b465ee728b)  -> (artifact id: '90691c98364bfe3f2953f03cd7e2c688') in 0.013084 seconds
  Import took 0.038489 seconds .

========================================================================
Received Import Request.
  Time since last request: 8.882326 seconds.
  path: Assets/KWH_Computer/Computer.prefab
  artifactKey: Guid(bebb58bbeb80f8a4dae68caa0a8e7c99) Importer(815301076,1909f56bfc062723c751e8b465ee728b)
Start importing Assets/KWH_Computer/Computer.prefab using Guid(bebb58bbeb80f8a4dae68caa0a8e7c99) Importer(815301076,1909f56bfc062723c751e8b465ee728b)  -> (artifact id: '373a73829c549cef7cf0b15b68b1d9a0') in 0.045136 seconds
  Import took 0.049210 seconds .

========================================================================
Received Import Request.
  Time since last request: 3.696687 seconds.
  path: Assets/LCW/CatTower.prefab
  artifactKey: Guid(8400269d2468744abaa8eef466ddf128) Importer(815301076,1909f56bfc062723c751e8b465ee728b)
Start importing Assets/LCW/CatTower.prefab using Guid(8400269d2468744abaa8eef466ddf128) Importer(815301076,1909f56bfc062723c751e8b465ee728b)  -> (artifact id: 'b6d84c6a8b420073996c504673c75395') in 0.011627 seconds
  Import took 0.016277 seconds .

========================================================================
Received Import Request.
  Time since last request: 3.893667 seconds.
  path: Assets/PJH/Cabinet.prefab
  artifactKey: Guid(47172ed0b2824ba49ab59248d2eea6ca) Importer(815301076,1909f56bfc062723c751e8b465ee728b)
Start importing Assets/PJH/Cabinet.prefab using Guid(47172ed0b2824ba49ab59248d2eea6ca) Importer(815301076,1909f56bfc062723c751e8b465ee728b)  -> (artifact id: '43d66f7c9eabcdaca14d336e95a82426') in 0.043115 seconds
  Import took 0.045872 seconds .

========================================================================
Received Prepare
Refreshing native plugins compatible for Editor in 1.16 ms, found 0 plugins.
Preloading 0 native plugins for Editor in 0.00 ms.
Unloading 17 Unused Serialized files (Serialized files now loaded: 0)
System memory in use before: 46.4 MB.
System memory in use after: 45.8 MB.

Unloading 17 unused Assets to reduce memory usage. Loaded Objects now: 1953.
Total: 2.942100 ms (FindLiveObjects: 0.427400 ms CreateObjectMapping: 0.088300 ms MarkObjects: 2.141400 ms  DeleteObjects: 0.283700 ms)

========================================================================
Received Prepare
Registering precompiled user dll's ...
Registered in 0.000951 seconds.
Begin MonoManager ReloadAssembly
Native extension for WindowsStandalone target not found
Refreshing native plugins compatible for Editor in 0.26 ms, found 0 plugins.
Preloading 0 native plugins for Editor in 0.00 ms.
Mono: successfully reloaded assembly
- Completed reload, in  1.095 seconds
Platform modules already initialized, skipping
Switching build target platform(5) subTarget(0) extendedPlatform(0) -> platform(13) subTarget(524288) extendedPlatform(0)
Refreshing native plugins compatible for Editor in 0.24 ms, found 0 plugins.
Preloading 0 native plugins for Editor in 0.00 ms.
Unloading 1469 Unused Serialized files (Serialized files now loaded: 0)
System memory in use before: 75.1 MB.
System memory in use after: 74.5 MB.

Unloading 19 unused Assets to reduce memory usage. Loaded Objects now: 1957.
Total: 1.784400 ms (FindLiveObjects: 0.142500 ms CreateObjectMapping: 0.041600 ms MarkObjects: 1.339100 ms  DeleteObjects: 0.260500 ms)

AssetImportParameters requested are different than current active one (requested -> active):
  custom:graphics/normal-map-encoding: 01000000000000000000000000000000 -> 02000000000000000000000000000000
========================================================================
Received Prepare
Refreshing native plugins compatible for Editor in 0.73 ms, found 0 plugins.
Preloading 0 native plugins for Editor in 0.00 ms.
Unloading 16 Unused Serialized files (Serialized files now loaded: 0)
System memory in use before: 46.1 MB.
System memory in use after: 45.5 MB.

Unloading 16 unused Assets to reduce memory usage. Loaded Objects now: 1957.
Total: 2.793700 ms (FindLiveObjects: 0.167400 ms CreateObjectMapping: 0.052500 ms MarkObjects: 2.188200 ms  DeleteObjects: 0.383900 ms)

========================================================================
Received Prepare
Registering precompiled user dll's ...
Registered in 0.000843 seconds.
Begin MonoManager ReloadAssembly
Native extension for WindowsStandalone target not found
Refreshing native plugins compatible for Editor in 0.25 ms, found 0 plugins.
Preloading 0 native plugins for Editor in 0.00 ms.
Mono: successfully reloaded assembly
- Completed reload, in  1.061 seconds
Platform modules already initialized, skipping
Switching build target platform(5) subTarget(0) extendedPlatform(0) -> platform(13) subTarget(524288) extendedPlatform(0)
Refreshing native plugins compatible for Editor in 0.26 ms, found 0 plugins.
Preloading 0 native plugins for Editor in 0.00 ms.
Unloading 1469 Unused Serialized files (Serialized files now loaded: 0)
System memory in use before: 75.1 MB.
System memory in use after: 74.5 MB.

Unloading 19 unused Assets to reduce memory usage. Loaded Objects now: 1961.
Total: 2.208600 ms (FindLiveObjects: 0.142100 ms CreateObjectMapping: 0.046200 ms MarkObjects: 1.697700 ms  DeleteObjects: 0.321400 ms)

AssetImportParameters requested are different than current active one (requested -> active):
  custom:graphics/normal-map-encoding: 01000000000000000000000000000000 -> 02000000000000000000000000000000
========================================================================
Received Prepare
Registering precompiled user dll's ...
Registered in 0.001212 seconds.
Begin MonoManager ReloadAssembly
Native extension for WindowsStandalone target not found
Refreshing native plugins compatible for Editor in 0.25 ms, found 0 plugins.
Preloading 0 native plugins for Editor in 0.00 ms.
Mono: successfully reloaded assembly
- Completed reload, in  0.955 seconds
Platform modules already initialized, skipping
Switching build target platform(5) subTarget(0) extendedPlatform(0) -> platform(13) subTarget(524288) extendedPlatform(0)
Refreshing native plugins compatible for Editor in 0.24 ms, found 0 plugins.
Preloading 0 native plugins for Editor in 0.00 ms.
Unloading 1469 Unused Serialized files (Serialized files now loaded: 0)
System memory in use before: 75.1 MB.
System memory in use after: 74.5 MB.

Unloading 20 unused Assets to reduce memory usage. Loaded Objects now: 1964.
Total: 1.864000 ms (FindLiveObjects: 0.144100 ms CreateObjectMapping: 0.041600 ms MarkObjects: 1.372700 ms  DeleteObjects: 0.304600 ms)

AssetImportParameters requested are different than current active one (requested -> active):
  custom:graphics/normal-map-encoding: 01000000000000000000000000000000 -> 02000000000000000000000000000000
========================================================================
Received Prepare
Refreshing native plugins compatible for Editor in 0.87 ms, found 0 plugins.
Preloading 0 native plugins for Editor in 0.00 ms.
Unloading 17 Unused Serialized files (Serialized files now loaded: 0)
System memory in use before: 46.2 MB.
System memory in use after: 45.6 MB.

Unloading 16 unused Assets to reduce memory usage. Loaded Objects now: 1965.
Total: 1.969200 ms (FindLiveObjects: 0.149300 ms CreateObjectMapping: 0.051100 ms MarkObjects: 1.448000 ms  DeleteObjects: 0.320000 ms)

========================================================================
Received Import Request.
  Time since last request: 1277.766756 seconds.
  path: Assets/CWJ/DressingTable.prefab
  artifactKey: Guid(7b31068df237921489dedcc3c46612c2) Importer(815301076,1909f56bfc062723c751e8b465ee728b)
Start importing Assets/CWJ/DressingTable.prefab using Guid(7b31068df237921489dedcc3c46612c2) Importer(815301076,1909f56bfc062723c751e8b465ee728b)  -> (artifact id: '1568df990f9f377de6058d2e6a759be4') in 0.063423 seconds
  Import took 0.085867 seconds .

========================================================================
Received Import Request.
  Time since last request: 2.729590 seconds.
  path: Assets/HHJ/Table.prefab
  artifactKey: Guid(8ff0d01ef6e904e4fbefd9d25da14c12) Importer(815301076,1909f56bfc062723c751e8b465ee728b)
Start importing Assets/HHJ/Table.prefab using Guid(8ff0d01ef6e904e4fbefd9d25da14c12) Importer(815301076,1909f56bfc062723c751e8b465ee728b)  -> (artifact id: '5d7b3632535ebfbedd01bc6f75d1ac84') in 0.017076 seconds
  Import took 0.037937 seconds .

========================================================================
Received Import Request.
  Time since last request: 1.851236 seconds.
  path: Assets/HJW/Desklamp.prefab
  artifactKey: Guid(179cbef07b21be048988ba1bfe1c82c0) Importer(815301076,1909f56bfc062723c751e8b465ee728b)
Start importing Assets/HJW/Desklamp.prefab using Guid(179cbef07b21be048988ba1bfe1c82c0) Importer(815301076,1909f56bfc062723c751e8b465ee728b)  -> (artifact id: 'c6678ef196203d61e99b296431a2e48c') in 0.009555 seconds
  Import took 0.021621 seconds .

========================================================================
Received Import Request.
  Time since last request: 0.001846 seconds.
  path: Assets/HJW/Desklamp.prefab
  artifactKey: Guid(179cbef07b21be048988ba1bfe1c82c0) Importer(815301076,1909f56bfc062723c751e8b465ee728b)
Start importing Assets/HJW/Desklamp.prefab using Guid(179cbef07b21be048988ba1bfe1c82c0) Importer(815301076,1909f56bfc062723c751e8b465ee728b)  -> (artifact id: 'c6678ef196203d61e99b296431a2e48c') in 0.009195 seconds
  Import took 0.012653 seconds .

========================================================================
Received Prepare
Refreshing native plugins compatible for Editor in 0.67 ms, found 0 plugins.
Preloading 0 native plugins for Editor in 0.00 ms.
Unloading 16 Unused Serialized files (Serialized files now loaded: 0)
System memory in use before: 46.2 MB.
System memory in use after: 45.6 MB.

Unloading 16 unused Assets to reduce memory usage. Loaded Objects now: 1966.
Total: 2.876000 ms (FindLiveObjects: 0.153500 ms CreateObjectMapping: 0.041400 ms MarkObjects: 2.349800 ms  DeleteObjects: 0.329800 ms)

AssetImportWorkerClient::OnTransportError - code=2 error=End of file
