Using pre-set license
Built from '2020.3/staging' branch; Version is '2020.3.8f1 (507919d4fff5) revision 5273881'; Using compiler version '192528614'; Build Type 'Release'
OS: 'Windows 10 Home; OS build 19042.985; Version 2009; 64bit' Language: 'ko' Physical Memory: 8033 MB
BatchMode: 1, IsHumanControllingUs: 0, StartBugReporterOnCrash: 0, Is64bit: 1, IsPro: 0

 COMMAND LINE ARGUMENTS:
C:\Program Files\Unity\Hub\Editor\2020.3.8f1\Editor\Unity.exe
-adb2
-batchMode
-noUpm
-name
AssetImportWorker0
-projectPath
C:/CTIA/Lecture/Lec06/MobileSurvivalShooter
-logFile
Logs/AssetImportWorker0.log
-srvPort
53664
Successfully changed project path to: C:/CTIA/Lecture/Lec06/MobileSurvivalShooter
C:/CTIA/Lecture/Lec06/MobileSurvivalShooter
Using Asset Import Pipeline V2.
Refreshing native plugins compatible for Editor in 55.48 ms, found 0 plugins.
Preloading 0 native plugins for Editor in 0.00 ms.
Initialize engine version: 2020.3.8f1 (507919d4fff5)
[Subsystems] Discovering subsystems at path C:/Program Files/Unity/Hub/Editor/2020.3.8f1/Editor/Data/Resources/UnitySubsystems
[Subsystems] Discovering subsystems at path C:/CTIA/Lecture/Lec06/MobileSurvivalShooter/Assets
GfxDevice: creating device client; threaded=0
Direct3D:
    Version:  Direct3D 11.0 [level 11.1]
    Renderer: NVIDIA GeForce RTX 2080 with Max-Q Design (ID=0x1e90)
    Vendor:   
    VRAM:     8010 MB
    Driver:   25.21.14.1749
Initialize mono
Mono path[0] = 'C:/Program Files/Unity/Hub/Editor/2020.3.8f1/Editor/Data/Managed'
Mono path[1] = 'C:/Program Files/Unity/Hub/Editor/2020.3.8f1/Editor/Data/MonoBleedingEdge/lib/mono/unityjit'
Mono config path = 'C:/Program Files/Unity/Hub/Editor/2020.3.8f1/Editor/Data/MonoBleedingEdge/etc'
Using monoOptions --debugger-agent=transport=dt_socket,embedding=1,server=y,suspend=n,address=127.0.0.1:56944
Begin MonoManager ReloadAssembly
Registering precompiled unity dll's ...
Register platform support module: C:/Program Files/Unity/Hub/Editor/2020.3.8f1/Editor/Data/PlaybackEngines/WindowsStandaloneSupport/UnityEditor.WindowsStandalone.Extensions.dll
Registered in 0.006467 seconds.
Native extension for WindowsStandalone target not found
Refreshing native plugins compatible for Editor in 53.11 ms, found 0 plugins.
Preloading 0 native plugins for Editor in 0.00 ms.
Mono: successfully reloaded assembly
- Completed reload, in 10.152 seconds
Platform modules already initialized, skipping
Registering precompiled user dll's ...
Registered in 0.002970 seconds.
Begin MonoManager ReloadAssembly
Native extension for WindowsStandalone target not found
Refreshing native plugins compatible for Editor in 0.35 ms, found 0 plugins.
Preloading 0 native plugins for Editor in 0.00 ms.
Mono: successfully reloaded assembly
- Completed reload, in  1.681 seconds
Platform modules already initialized, skipping
========================================================================
Worker process is ready to serve import requests
Launched and connected shader compiler UnityShaderCompiler.exe after 0.14 seconds
Refreshing native plugins compatible for Editor in 0.43 ms, found 0 plugins.
Preloading 0 native plugins for Editor in 0.00 ms.
Unloading 1277 Unused Serialized files (Serialized files now loaded: 0)
System memory in use before: 66.5 MB.
System memory in use after: 66.6 MB.

Unloading 10 unused Assets to reduce memory usage. Loaded Objects now: 1722.
Total: 2.849700 ms (FindLiveObjects: 0.205600 ms CreateObjectMapping: 0.067800 ms MarkObjects: 2.430700 ms  DeleteObjects: 0.143000 ms)

========================================================================
Received Import Request.
  path: Assets/Scenes/Main.unity
  artifactKey: Guid(11930b577543f644eb2aed6e2001fd38) Importer(815301076,1909f56bfc062723c751e8b465ee728b)
Start importing Assets/Scenes/Main.unity using Guid(11930b577543f644eb2aed6e2001fd38) Importer(815301076,1909f56bfc062723c751e8b465ee728b)  -> (artifact id: '52d3a864c8d24b3b47ac442902b8a646') in 0.023703 seconds
  Import took 0.028523 seconds .

========================================================================
Received Prepare
Refreshing native plugins compatible for Editor in 1.77 ms, found 0 plugins.
Preloading 0 native plugins for Editor in 0.00 ms.
Unloading 3 Unused Serialized files (Serialized files now loaded: 0)
System memory in use before: 38.9 MB.
System memory in use after: 39.0 MB.

Unloading 3 unused Assets to reduce memory usage. Loaded Objects now: 1722.
Total: 2.453100 ms (FindLiveObjects: 0.134200 ms CreateObjectMapping: 0.036900 ms MarkObjects: 2.228200 ms  DeleteObjects: 0.052900 ms)

========================================================================
Received Import Request.
  Time since last request: 370.899993 seconds.
  path: Assets/Scenes/MainMobile.unity
  artifactKey: Guid(be9534ee7a076684ea1bdfbbe0c6e8fc) Importer(815301076,1909f56bfc062723c751e8b465ee728b)
Start importing Assets/Scenes/MainMobile.unity using Guid(be9534ee7a076684ea1bdfbbe0c6e8fc) Importer(815301076,1909f56bfc062723c751e8b465ee728b)  -> (artifact id: '2b3b4e32d3bf41f4c17d7ebcea5410f6') in 0.005728 seconds
  Import took 0.008463 seconds .

========================================================================
Received Prepare
Registering precompiled user dll's ...
Registered in 0.001378 seconds.
Begin MonoManager ReloadAssembly
Native extension for WindowsStandalone target not found
Refreshing native plugins compatible for Editor in 0.24 ms, found 0 plugins.
Preloading 0 native plugins for Editor in 0.00 ms.
Mono: successfully reloaded assembly
- Completed reload, in  1.108 seconds
Platform modules already initialized, skipping
Switching build target platform(5) subTarget(0) extendedPlatform(0) -> platform(13) subTarget(537395200) extendedPlatform(0)
Refreshing native plugins compatible for Editor in 0.28 ms, found 0 plugins.
Preloading 0 native plugins for Editor in 0.00 ms.
Unloading 1246 Unused Serialized files (Serialized files now loaded: 0)
System memory in use before: 63.5 MB.
System memory in use after: 63.6 MB.

Unloading 5 unused Assets to reduce memory usage. Loaded Objects now: 1725.
Total: 2.685900 ms (FindLiveObjects: 0.216700 ms CreateObjectMapping: 0.054600 ms MarkObjects: 2.330600 ms  DeleteObjects: 0.081300 ms)

AssetImportParameters requested are different than current active one (requested -> active):
  custom:graphics/normal-map-encoding: 01000000000000000000000000000000 -> 02000000000000000000000000000000
========================================================================
Received Prepare
Registering precompiled user dll's ...
Registered in 0.002996 seconds.
Begin MonoManager ReloadAssembly
Native extension for WindowsStandalone target not found
Refreshing native plugins compatible for Editor in 0.73 ms, found 0 plugins.
Preloading 0 native plugins for Editor in 0.00 ms.
Mono: successfully reloaded assembly
- Completed reload, in  3.918 seconds
Platform modules already initialized, skipping
Switching build target platform(5) subTarget(0) extendedPlatform(0) -> platform(13) subTarget(537395200) extendedPlatform(0)
Refreshing native plugins compatible for Editor in 0.36 ms, found 0 plugins.
Preloading 0 native plugins for Editor in 0.00 ms.
Unloading 1246 Unused Serialized files (Serialized files now loaded: 0)
System memory in use before: 63.6 MB.
System memory in use after: 63.6 MB.

Unloading 5 unused Assets to reduce memory usage. Loaded Objects now: 1728.
Total: 1.806900 ms (FindLiveObjects: 0.150600 ms CreateObjectMapping: 0.042100 ms MarkObjects: 1.560500 ms  DeleteObjects: 0.052600 ms)

AssetImportParameters requested are different than current active one (requested -> active):
  custom:graphics/normal-map-encoding: 01000000000000000000000000000000 -> 02000000000000000000000000000000
========================================================================
Received Prepare
Registering precompiled user dll's ...
Registered in 0.001106 seconds.
Begin MonoManager ReloadAssembly
Native extension for WindowsStandalone target not found
Refreshing native plugins compatible for Editor in 0.61 ms, found 0 plugins.
Preloading 0 native plugins for Editor in 0.00 ms.
Mono: successfully reloaded assembly
- Completed reload, in  1.192 seconds
Platform modules already initialized, skipping
Switching build target platform(5) subTarget(0) extendedPlatform(0) -> platform(13) subTarget(537395200) extendedPlatform(0)
Refreshing native plugins compatible for Editor in 0.22 ms, found 0 plugins.
Preloading 0 native plugins for Editor in 0.00 ms.
Unloading 1246 Unused Serialized files (Serialized files now loaded: 0)
System memory in use before: 63.6 MB.
System memory in use after: 63.7 MB.

Unloading 5 unused Assets to reduce memory usage. Loaded Objects now: 1731.
Total: 1.639900 ms (FindLiveObjects: 0.128200 ms CreateObjectMapping: 0.033000 ms MarkObjects: 1.434700 ms  DeleteObjects: 0.043500 ms)

AssetImportParameters requested are different than current active one (requested -> active):
  custom:graphics/normal-map-encoding: 01000000000000000000000000000000 -> 02000000000000000000000000000000
========================================================================
Received Import Request.
  Time since last request: 208.870803 seconds.
  path: ProjectSettings/TagManager.asset
  artifactKey: Guid(00000000000000003000000000000000) Importer(815301076,1909f56bfc062723c751e8b465ee728b)
Start importing ProjectSettings/TagManager.asset using Guid(00000000000000003000000000000000) Importer(815301076,1909f56bfc062723c751e8b465ee728b)  -> (artifact id: 'ce6a35c3cddc746e7501c0bd0ed6d4ce') in 0.065078 seconds
  Import took 0.069059 seconds .

========================================================================
Received Prepare
Registering precompiled user dll's ...
Registered in 0.005407 seconds.
Begin MonoManager ReloadAssembly
Native extension for WindowsStandalone target not found
Refreshing native plugins compatible for Editor in 1.99 ms, found 0 plugins.
Preloading 0 native plugins for Editor in 0.00 ms.
Mono: successfully reloaded assembly
- Completed reload, in  4.260 seconds
Platform modules already initialized, skipping
Switching build target platform(5) subTarget(0) extendedPlatform(0) -> platform(13) subTarget(524288) extendedPlatform(0)
Refreshing native plugins compatible for Editor in 0.22 ms, found 0 plugins.
Preloading 0 native plugins for Editor in 0.00 ms.
Unloading 1246 Unused Serialized files (Serialized files now loaded: 0)
System memory in use before: 63.6 MB.
System memory in use after: 63.7 MB.

Unloading 6 unused Assets to reduce memory usage. Loaded Objects now: 1734.
Total: 1.569900 ms (FindLiveObjects: 0.130300 ms CreateObjectMapping: 0.036300 ms MarkObjects: 1.357900 ms  DeleteObjects: 0.044700 ms)

AssetImportParameters requested are different than current active one (requested -> active):
  buildTarget: platform 13, subtarget 524288, extendedPlatform 0 -> platform 13, subtarget 537395200, extendedPlatform 0
  graphicsApiMask: 2048 -> 2099200
  custom:graphics/normal-map-encoding: 01000000000000000000000000000000 -> 02000000000000000000000000000000
========================================================================
Received Prepare
Registering precompiled user dll's ...
Registered in 0.001415 seconds.
Begin MonoManager ReloadAssembly
Native extension for WindowsStandalone target not found
Refreshing native plugins compatible for Editor in 0.26 ms, found 0 plugins.
Preloading 0 native plugins for Editor in 0.00 ms.
Mono: successfully reloaded assembly
- Completed reload, in  1.153 seconds
Platform modules already initialized, skipping
Switching build target platform(5) subTarget(0) extendedPlatform(0) -> platform(13) subTarget(524288) extendedPlatform(0)
Refreshing native plugins compatible for Editor in 0.26 ms, found 0 plugins.
Preloading 0 native plugins for Editor in 0.00 ms.
Unloading 1246 Unused Serialized files (Serialized files now loaded: 0)
System memory in use before: 63.6 MB.
System memory in use after: 63.7 MB.

Unloading 5 unused Assets to reduce memory usage. Loaded Objects now: 1737.
Total: 1.959500 ms (FindLiveObjects: 0.189700 ms CreateObjectMapping: 0.043800 ms MarkObjects: 1.670500 ms  DeleteObjects: 0.053500 ms)

AssetImportParameters requested are different than current active one (requested -> active):
  buildTarget: platform 13, subtarget 524288, extendedPlatform 0 -> platform 13, subtarget 537395200, extendedPlatform 0
  graphicsApiMask: 2048 -> 2099200
  custom:graphics/normal-map-encoding: 01000000000000000000000000000000 -> 02000000000000000000000000000000
========================================================================
Received Import Request.
  Time since last request: 436.218604 seconds.
  path: Assets/Lighting
  artifactKey: Guid(879a476637329f3409dfd37cbb5bfaef) Importer(815301076,1909f56bfc062723c751e8b465ee728b)
Start importing Assets/Lighting using Guid(879a476637329f3409dfd37cbb5bfaef) Importer(815301076,1909f56bfc062723c751e8b465ee728b)  -> (artifact id: 'dddb423ce3490574a257d1ea1d7c8059') in 0.009825 seconds
  Import took 0.012773 seconds .

========================================================================
Received Prepare
Registering precompiled user dll's ...
Registered in 0.001355 seconds.
Begin MonoManager ReloadAssembly
Native extension for WindowsStandalone target not found
Refreshing native plugins compatible for Editor in 0.25 ms, found 0 plugins.
Preloading 0 native plugins for Editor in 0.00 ms.
Mono: successfully reloaded assembly
- Completed reload, in  0.925 seconds
Platform modules already initialized, skipping
Switching build target platform(5) subTarget(0) extendedPlatform(0) -> platform(13) subTarget(524288) extendedPlatform(0)
Refreshing native plugins compatible for Editor in 0.24 ms, found 0 plugins.
Preloading 0 native plugins for Editor in 0.00 ms.
Unloading 1246 Unused Serialized files (Serialized files now loaded: 0)
System memory in use before: 63.6 MB.
System memory in use after: 63.7 MB.

Unloading 5 unused Assets to reduce memory usage. Loaded Objects now: 1740.
Total: 1.479900 ms (FindLiveObjects: 0.121100 ms CreateObjectMapping: 0.033000 ms MarkObjects: 1.279500 ms  DeleteObjects: 0.045500 ms)

AssetImportParameters requested are different than current active one (requested -> active):
  custom:graphics/normal-map-encoding: 01000000000000000000000000000000 -> 02000000000000000000000000000000
========================================================================
Received Prepare
Registering precompiled user dll's ...
Registered in 0.002371 seconds.
Begin MonoManager ReloadAssembly
Native extension for WindowsStandalone target not found
Refreshing native plugins compatible for Editor in 0.30 ms, found 0 plugins.
Preloading 0 native plugins for Editor in 0.00 ms.
Mono: successfully reloaded assembly
- Completed reload, in  1.434 seconds
Platform modules already initialized, skipping
Switching build target platform(5) subTarget(0) extendedPlatform(0) -> platform(13) subTarget(524288) extendedPlatform(0)
Refreshing native plugins compatible for Editor in 0.33 ms, found 0 plugins.
Preloading 0 native plugins for Editor in 0.00 ms.
Unloading 1246 Unused Serialized files (Serialized files now loaded: 0)
System memory in use before: 63.6 MB.
System memory in use after: 63.7 MB.

Unloading 5 unused Assets to reduce memory usage. Loaded Objects now: 1743.
Total: 2.736500 ms (FindLiveObjects: 0.301600 ms CreateObjectMapping: 0.072300 ms MarkObjects: 2.275900 ms  DeleteObjects: 0.085000 ms)

AssetImportParameters requested are different than current active one (requested -> active):
  custom:graphics/normal-map-encoding: 01000000000000000000000000000000 -> 02000000000000000000000000000000
========================================================================
Received Import Request.
  Time since last request: 1076.375439 seconds.
  path: Assets/Scenes/ARMain.unity
  artifactKey: Guid(dc4998468abe35643bdfc461d6fa1820) Importer(815301076,1909f56bfc062723c751e8b465ee728b)
Start importing Assets/Scenes/ARMain.unity using Guid(dc4998468abe35643bdfc461d6fa1820) Importer(815301076,1909f56bfc062723c751e8b465ee728b)  -> (artifact id: '0597511c468bf582ca579c60377b1f20') in 0.068729 seconds
  Import took 0.073050 seconds .

========================================================================
Received Prepare
Registering precompiled user dll's ...
Registered in 0.002305 seconds.
Begin MonoManager ReloadAssembly
Native extension for WindowsStandalone target not found
Refreshing native plugins compatible for Editor in 0.27 ms, found 0 plugins.
Preloading 0 native plugins for Editor in 0.00 ms.
Mono: successfully reloaded assembly
- Completed reload, in  1.378 seconds
Platform modules already initialized, skipping
Switching build target platform(5) subTarget(0) extendedPlatform(0) -> platform(13) subTarget(524288) extendedPlatform(0)
Refreshing native plugins compatible for Editor in 0.26 ms, found 0 plugins.
Preloading 0 native plugins for Editor in 0.00 ms.
Unloading 1246 Unused Serialized files (Serialized files now loaded: 0)
System memory in use before: 63.6 MB.
System memory in use after: 63.7 MB.

Unloading 5 unused Assets to reduce memory usage. Loaded Objects now: 1746.
Total: 1.977600 ms (FindLiveObjects: 0.135600 ms CreateObjectMapping: 0.031900 ms MarkObjects: 1.754200 ms  DeleteObjects: 0.054400 ms)

AssetImportParameters requested are different than current active one (requested -> active):
  custom:graphics/normal-map-encoding: 01000000000000000000000000000000 -> 02000000000000000000000000000000
========================================================================
Received Prepare
Registering precompiled user dll's ...
Registered in 0.007787 seconds.
Begin MonoManager ReloadAssembly
Native extension for WindowsStandalone target not found
Refreshing native plugins compatible for Editor in 0.40 ms, found 0 plugins.
Preloading 0 native plugins for Editor in 0.00 ms.
Mono: successfully reloaded assembly
- Completed reload, in  1.378 seconds
Platform modules already initialized, skipping
Switching build target platform(5) subTarget(0) extendedPlatform(0) -> platform(13) subTarget(524288) extendedPlatform(0)
Refreshing native plugins compatible for Editor in 0.28 ms, found 0 plugins.
Preloading 0 native plugins for Editor in 0.00 ms.
Unloading 1250 Unused Serialized files (Serialized files now loaded: 0)
System memory in use before: 63.7 MB.
System memory in use after: 63.8 MB.

Unloading 5 unused Assets to reduce memory usage. Loaded Objects now: 1753.
Total: 1.844500 ms (FindLiveObjects: 0.139800 ms CreateObjectMapping: 0.042100 ms MarkObjects: 1.606500 ms  DeleteObjects: 0.055200 ms)

AssetImportParameters requested are different than current active one (requested -> active):
  custom:graphics/normal-map-encoding: 01000000000000000000000000000000 -> 02000000000000000000000000000000
========================================================================
Received Import Request.
  Time since last request: 339.583284 seconds.
  path: Assets/SimpleJoystick/Sample
  artifactKey: Guid(172e280e41bbc3441a5ea086fb79e1c6) Importer(815301076,1909f56bfc062723c751e8b465ee728b)
Start importing Assets/SimpleJoystick/Sample using Guid(172e280e41bbc3441a5ea086fb79e1c6) Importer(815301076,1909f56bfc062723c751e8b465ee728b)  -> (artifact id: '2c96cfeae34e54a268e3db74dcc25918') in 0.011165 seconds
  Import took 0.014648 seconds .

========================================================================
Received Import Request.
  Time since last request: 3.211525 seconds.
  path: Assets/SimpleJoystick/Sprites
  artifactKey: Guid(be6ed6ce4db9375448680d082107b5ff) Importer(815301076,1909f56bfc062723c751e8b465ee728b)
Start importing Assets/SimpleJoystick/Sprites using Guid(be6ed6ce4db9375448680d082107b5ff) Importer(815301076,1909f56bfc062723c751e8b465ee728b)  -> (artifact id: '0cc30f712444d35dddb8c7e5b678c259') in 0.007971 seconds
  Import took 0.011184 seconds .

========================================================================
Received Import Request.
  Time since last request: 4.253938 seconds.
  path: Assets/SimpleJoystick/Sample/SampleScene.unity
  artifactKey: Guid(ccf02fc7c5c9c8a469e9235ced02cd43) Importer(815301076,1909f56bfc062723c751e8b465ee728b)
Start importing Assets/SimpleJoystick/Sample/SampleScene.unity using Guid(ccf02fc7c5c9c8a469e9235ced02cd43) Importer(815301076,1909f56bfc062723c751e8b465ee728b)  -> (artifact id: 'f92fc7928fc9fe45de6ed6f2af3afe36') in 0.014840 seconds
  Import took 0.017422 seconds .

========================================================================
Received Prepare
Registering precompiled user dll's ...
Registered in 0.002434 seconds.
Begin MonoManager ReloadAssembly
Native extension for WindowsStandalone target not found
Refreshing native plugins compatible for Editor in 1.41 ms, found 0 plugins.
Preloading 0 native plugins for Editor in 0.00 ms.
Mono: successfully reloaded assembly
- Completed reload, in  2.048 seconds
Platform modules already initialized, skipping
Switching build target platform(5) subTarget(0) extendedPlatform(0) -> platform(13) subTarget(524288) extendedPlatform(0)
Refreshing native plugins compatible for Editor in 0.72 ms, found 0 plugins.
Preloading 0 native plugins for Editor in 0.00 ms.
Unloading 1250 Unused Serialized files (Serialized files now loaded: 0)
System memory in use before: 63.7 MB.
System memory in use after: 63.8 MB.

Unloading 5 unused Assets to reduce memory usage. Loaded Objects now: 1756.
Total: 3.086100 ms (FindLiveObjects: 0.379400 ms CreateObjectMapping: 0.096700 ms MarkObjects: 2.539000 ms  DeleteObjects: 0.068900 ms)

AssetImportParameters requested are different than current active one (requested -> active):
  custom:graphics/normal-map-encoding: 01000000000000000000000000000000 -> 02000000000000000000000000000000
========================================================================
Received Import Request.
  Time since last request: 308.797254 seconds.
  path: Assets/Scenes/ARMain.unity
  artifactKey: Guid(dc4998468abe35643bdfc461d6fa1820) Importer(815301076,1909f56bfc062723c751e8b465ee728b)
Start importing Assets/Scenes/ARMain.unity using Guid(dc4998468abe35643bdfc461d6fa1820) Importer(815301076,1909f56bfc062723c751e8b465ee728b)  -> (artifact id: '7a0a14ba49ac18de806e8a3766dfb5ef') in 0.017260 seconds
  Import took 0.019911 seconds .

========================================================================
Received Import Request.
  Time since last request: 201.302590 seconds.
  path: Assets/SimpleJoystick/Prefabs
  artifactKey: Guid(1e9cba3811daea4448bbf5cdc7b76394) Importer(815301076,1909f56bfc062723c751e8b465ee728b)
Start importing Assets/SimpleJoystick/Prefabs using Guid(1e9cba3811daea4448bbf5cdc7b76394) Importer(815301076,1909f56bfc062723c751e8b465ee728b)  -> (artifact id: 'f85d965cef24d38fae49cbffa4a29563') in 0.007653 seconds
  Import took 0.010740 seconds .

========================================================================
Received Prepare
Registering precompiled user dll's ...
Registered in 0.004090 seconds.
Begin MonoManager ReloadAssembly
Native extension for WindowsStandalone target not found
Refreshing native plugins compatible for Editor in 0.40 ms, found 0 plugins.
Preloading 0 native plugins for Editor in 0.00 ms.
Mono: successfully reloaded assembly
- Completed reload, in  2.066 seconds
Platform modules already initialized, skipping
Switching build target platform(5) subTarget(0) extendedPlatform(0) -> platform(13) subTarget(524288) extendedPlatform(0)
Refreshing native plugins compatible for Editor in 0.60 ms, found 0 plugins.
Preloading 0 native plugins for Editor in 0.00 ms.
Unloading 1250 Unused Serialized files (Serialized files now loaded: 0)
System memory in use before: 63.8 MB.
System memory in use after: 63.8 MB.

Unloading 5 unused Assets to reduce memory usage. Loaded Objects now: 1759.
Total: 2.282300 ms (FindLiveObjects: 0.225500 ms CreateObjectMapping: 0.058900 ms MarkObjects: 1.912700 ms  DeleteObjects: 0.083500 ms)

AssetImportParameters requested are different than current active one (requested -> active):
  custom:graphics/normal-map-encoding: 01000000000000000000000000000000 -> 02000000000000000000000000000000
========================================================================
Received Prepare
Registering precompiled user dll's ...
Registered in 0.003999 seconds.
Begin MonoManager ReloadAssembly
Native extension for WindowsStandalone target not found
Refreshing native plugins compatible for Editor in 0.24 ms, found 0 plugins.
Preloading 0 native plugins for Editor in 0.00 ms.
Mono: successfully reloaded assembly
- Completed reload, in  1.325 seconds
Platform modules already initialized, skipping
Switching build target platform(5) subTarget(0) extendedPlatform(0) -> platform(13) subTarget(524288) extendedPlatform(0)
Refreshing native plugins compatible for Editor in 0.66 ms, found 0 plugins.
Preloading 0 native plugins for Editor in 0.00 ms.
Unloading 1250 Unused Serialized files (Serialized files now loaded: 0)
System memory in use before: 63.8 MB.
System memory in use after: 63.8 MB.

Unloading 5 unused Assets to reduce memory usage. Loaded Objects now: 1762.
Total: 1.827500 ms (FindLiveObjects: 0.148800 ms CreateObjectMapping: 0.044400 ms MarkObjects: 1.579700 ms  DeleteObjects: 0.053500 ms)

AssetImportParameters requested are different than current active one (requested -> active):
  custom:graphics/normal-map-encoding: 01000000000000000000000000000000 -> 02000000000000000000000000000000
========================================================================
Received Import Request.
  Time since last request: 828.079489 seconds.
  path: Assets/SimpleJoystick/Scripts/JoystickRotate.cs
  artifactKey: Guid(8158f9ef00b9f204b832b9122b2bf0c4) Importer(815301076,1909f56bfc062723c751e8b465ee728b)
Start importing Assets/SimpleJoystick/Scripts/JoystickRotate.cs using Guid(8158f9ef00b9f204b832b9122b2bf0c4) Importer(815301076,1909f56bfc062723c751e8b465ee728b)  -> (artifact id: '59d623d6e2fa2c7b0cc5c97140c09826') in 0.058644 seconds
  Import took 0.062002 seconds .

========================================================================
Received Import Request.
  Time since last request: 51.592996 seconds.
  path: Assets/SimpleJoystick/Scripts/JoystickFire.cs
  artifactKey: Guid(195009eadfc54174a9def3d575c7b142) Importer(815301076,1909f56bfc062723c751e8b465ee728b)
Start importing Assets/SimpleJoystick/Scripts/JoystickFire.cs using Guid(195009eadfc54174a9def3d575c7b142) Importer(815301076,1909f56bfc062723c751e8b465ee728b)  -> (artifact id: 'e072455937af0338f47224391d620ed1') in 0.017687 seconds
  Import took 0.022599 seconds .

========================================================================
Received Import Request.
  Time since last request: 216.192619 seconds.
  path: Assets/Scripts/Player/PlayerMovement.cs
  artifactKey: Guid(9b2268f9c7df8764aa2e92dbf55b5ae1) Importer(815301076,1909f56bfc062723c751e8b465ee728b)
Start importing Assets/Scripts/Player/PlayerMovement.cs using Guid(9b2268f9c7df8764aa2e92dbf55b5ae1) Importer(815301076,1909f56bfc062723c751e8b465ee728b)  -> (artifact id: 'd197afc080f9292c08939ccd56ba7ceb') in 0.020081 seconds
  Import took 0.026282 seconds .

AssetImportWorkerClient::OnTransportError - code=2 error=End of file
