Using pre-set license
Built from '2020.3/staging' branch; Version is '2020.3.8f1 (507919d4fff5) revision 5273881'; Using compiler version '192528614'; Build Type 'Release'
OS: 'Windows 10 Home; OS build 19042.985; Version 2009; 64bit' Language: 'ko' Physical Memory: 8033 MB
BatchMode: 1, IsHumanControllingUs: 0, StartBugReporterOnCrash: 0, Is64bit: 1, IsPro: 0

 COMMAND LINE ARGUMENTS:
C:\Program Files\Unity\Hub\Editor\2020.3.8f1\Editor\Unity.exe
-adb2
-batchMode
-noUpm
-name
AssetImportWorker0
-projectPath
C:/CTIA/Lecture/Lec05/MobileSurvivalShooter
-logFile
Logs/AssetImportWorker0.log
-srvPort
60338
Successfully changed project path to: C:/CTIA/Lecture/Lec05/MobileSurvivalShooter
C:/CTIA/Lecture/Lec05/MobileSurvivalShooter
Using Asset Import Pipeline V2.
Refreshing native plugins compatible for Editor in 36.23 ms, found 0 plugins.
Preloading 0 native plugins for Editor in 0.00 ms.
Initialize engine version: 2020.3.8f1 (507919d4fff5)
[Subsystems] Discovering subsystems at path C:/Program Files/Unity/Hub/Editor/2020.3.8f1/Editor/Data/Resources/UnitySubsystems
[Subsystems] Discovering subsystems at path C:/CTIA/Lecture/Lec05/MobileSurvivalShooter/Assets
GfxDevice: creating device client; threaded=0
Direct3D:
    Version:  Direct3D 11.0 [level 11.1]
    Renderer: NVIDIA GeForce RTX 2080 with Max-Q Design (ID=0x1e90)
    Vendor:   
    VRAM:     8010 MB
    Driver:   25.21.14.1749
Initialize mono
Mono path[0] = 'C:/Program Files/Unity/Hub/Editor/2020.3.8f1/Editor/Data/Managed'
Mono path[1] = 'C:/Program Files/Unity/Hub/Editor/2020.3.8f1/Editor/Data/MonoBleedingEdge/lib/mono/unityjit'
Mono config path = 'C:/Program Files/Unity/Hub/Editor/2020.3.8f1/Editor/Data/MonoBleedingEdge/etc'
Using monoOptions --debugger-agent=transport=dt_socket,embedding=1,server=y,suspend=n,address=127.0.0.1:56908
Begin MonoManager ReloadAssembly
Registering precompiled unity dll's ...
Register platform support module: C:/Program Files/Unity/Hub/Editor/2020.3.8f1/Editor/Data/PlaybackEngines/WindowsStandaloneSupport/UnityEditor.WindowsStandalone.Extensions.dll
Registered in 0.006475 seconds.
Native extension for WindowsStandalone target not found
Refreshing native plugins compatible for Editor in 38.82 ms, found 0 plugins.
Preloading 0 native plugins for Editor in 0.00 ms.
Mono: successfully reloaded assembly
- Completed reload, in  5.247 seconds
Platform modules already initialized, skipping
Registering precompiled user dll's ...
Registered in 0.001240 seconds.
Begin MonoManager ReloadAssembly
Native extension for WindowsStandalone target not found
Refreshing native plugins compatible for Editor in 0.28 ms, found 0 plugins.
Preloading 0 native plugins for Editor in 0.00 ms.
Mono: successfully reloaded assembly
- Completed reload, in  1.142 seconds
Platform modules already initialized, skipping
========================================================================
Worker process is ready to serve import requests
Launched and connected shader compiler UnityShaderCompiler.exe after 0.20 seconds
Refreshing native plugins compatible for Editor in 1.14 ms, found 0 plugins.
Preloading 0 native plugins for Editor in 0.00 ms.
Unloading 1234 Unused Serialized files (Serialized files now loaded: 0)
System memory in use before: 60.3 MB.
System memory in use after: 60.3 MB.

Unloading 10 unused Assets to reduce memory usage. Loaded Objects now: 1676.
Total: 4.484300 ms (FindLiveObjects: 0.572100 ms CreateObjectMapping: 0.170700 ms MarkObjects: 3.616700 ms  DeleteObjects: 0.122000 ms)

========================================================================
Received Import Request.
  path: Assets/Scenes
  artifactKey: Guid(bfb4566c190ec354084c3db74ef87bf7) Importer(815301076,1909f56bfc062723c751e8b465ee728b)
Start importing Assets/Scenes using Guid(bfb4566c190ec354084c3db74ef87bf7) Importer(815301076,1909f56bfc062723c751e8b465ee728b)  -> (artifact id: 'a957e3abdcb8398291660093ad620af1') in 0.016575 seconds
  Import took 0.020322 seconds .

========================================================================
Received Import Request.
  Time since last request: 0.000472 seconds.
  path: Assets/Models
  artifactKey: Guid(dc28c973a0e4c2b449912cb90faf5c5a) Importer(815301076,1909f56bfc062723c751e8b465ee728b)
Start importing Assets/Models using Guid(dc28c973a0e4c2b449912cb90faf5c5a) Importer(815301076,1909f56bfc062723c751e8b465ee728b)  -> (artifact id: '86a09c22651c7d4364991bf37b4b7082') in 0.012374 seconds
  Import took 0.015454 seconds .

========================================================================
Received Import Request.
  Time since last request: 0.000300 seconds.
  path: Assets/Scenes/Main.unity
  artifactKey: Guid(11930b577543f644eb2aed6e2001fd38) Importer(815301076,1909f56bfc062723c751e8b465ee728b)
Start importing Assets/Scenes/Main.unity using Guid(11930b577543f644eb2aed6e2001fd38) Importer(815301076,1909f56bfc062723c751e8b465ee728b)  -> (artifact id: '09ee1cee0e85cad2feb157ace35d5413') in 0.022698 seconds
  Import took 0.025633 seconds .

========================================================================
Received Import Request.
  Time since last request: 69.057960 seconds.
  path: Assets/PostProcessing/Editor/PropertyDrawers/MinDrawer.cs
  artifactKey: Guid(8995f52f410f0fb4cb1bdaa71a16e04e) Importer(815301076,1909f56bfc062723c751e8b465ee728b)
Start importing Assets/PostProcessing/Editor/PropertyDrawers/MinDrawer.cs using Guid(8995f52f410f0fb4cb1bdaa71a16e04e) Importer(815301076,1909f56bfc062723c751e8b465ee728b)  -> (artifact id: 'e1e562607d6c13f53e3e1df69c1dcca7') in 0.086116 seconds
  Import took 0.089088 seconds .

========================================================================
Received Prepare
Registering precompiled user dll's ...
Registered in 0.001543 seconds.
Begin MonoManager ReloadAssembly
Native extension for WindowsStandalone target not found
Refreshing native plugins compatible for Editor in 0.67 ms, found 0 plugins.
Preloading 0 native plugins for Editor in 0.00 ms.
[ScriptCompilation] NOT recompiling all scripts because this is an import worker process. Reason to compile was: Define symbols changed
Mono: successfully reloaded assembly
- Completed reload, in  1.191 seconds
Platform modules already initialized, skipping
Refreshing native plugins compatible for Editor in 0.36 ms, found 0 plugins.
Preloading 0 native plugins for Editor in 0.00 ms.
Unloading 1226 Unused Serialized files (Serialized files now loaded: 0)
System memory in use before: 60.0 MB.
System memory in use after: 60.1 MB.

Unloading 5 unused Assets to reduce memory usage. Loaded Objects now: 1679.
Total: 2.122600 ms (FindLiveObjects: 0.242400 ms CreateObjectMapping: 0.059900 ms MarkObjects: 1.762100 ms  DeleteObjects: 0.056700 ms)

========================================================================
Received Import Request.
  Time since last request: 29.295244 seconds.
  path: Assets/Materials/FlareParticleMaterial.mat
  artifactKey: Guid(b75a561f374f89247a62336b50288d40) Importer(815301076,1909f56bfc062723c751e8b465ee728b)
Start importing Assets/Materials/FlareParticleMaterial.mat using Guid(b75a561f374f89247a62336b50288d40) Importer(815301076,1909f56bfc062723c751e8b465ee728b)  -> (artifact id: '0c762469b3267282b594a82406d1c1d0') in 0.290912 seconds
  Import took 0.294859 seconds .

========================================================================
Received Prepare
Registering precompiled user dll's ...
Registered in 0.002074 seconds.
Begin MonoManager ReloadAssembly
Native extension for WindowsStandalone target not found
Refreshing native plugins compatible for Editor in 0.31 ms, found 0 plugins.
Preloading 0 native plugins for Editor in 0.00 ms.
[ScriptCompilation] NOT recompiling all scripts because this is an import worker process. Reason to compile was: Define symbols changed
Mono: successfully reloaded assembly
- Completed reload, in  1.456 seconds
Platform modules already initialized, skipping
Refreshing native plugins compatible for Editor in 0.23 ms, found 0 plugins.
Preloading 0 native plugins for Editor in 0.00 ms.
Unloading 1226 Unused Serialized files (Serialized files now loaded: 0)
System memory in use before: 63.5 MB.
System memory in use after: 63.6 MB.

Unloading 6 unused Assets to reduce memory usage. Loaded Objects now: 1723.
Total: 2.193200 ms (FindLiveObjects: 0.308800 ms CreateObjectMapping: 0.064900 ms MarkObjects: 1.760500 ms  DeleteObjects: 0.057800 ms)

========================================================================
Received Import Request.
  Time since last request: 85.360797 seconds.
  path: Assets/Scenes/SampleScene.unity
  artifactKey: Guid(9fc0d4010bbf28b4594072e72b8655ab) Importer(815301076,1909f56bfc062723c751e8b465ee728b)
Start importing Assets/Scenes/SampleScene.unity using Guid(9fc0d4010bbf28b4594072e72b8655ab) Importer(815301076,1909f56bfc062723c751e8b465ee728b)  -> (artifact id: '85059f4f9e1a832ed95adaa0d25c5c4c') in 0.015639 seconds
  Import took 0.018128 seconds .

========================================================================
Received Import Request.
  Time since last request: 1.105131 seconds.
  path: Assets/Scenes/Level02.unity
  artifactKey: Guid(3d626e763a1c9084db63dd8d2c16ff7a) Importer(815301076,1909f56bfc062723c751e8b465ee728b)
Start importing Assets/Scenes/Level02.unity using Guid(3d626e763a1c9084db63dd8d2c16ff7a) Importer(815301076,1909f56bfc062723c751e8b465ee728b)  -> (artifact id: '9ae302ad90f27ca04d665e5cf971d176') in 0.008560 seconds
  Import took 0.011013 seconds .

========================================================================
Received Prepare
Registering precompiled user dll's ...
Registered in 0.044570 seconds.
Begin MonoManager ReloadAssembly
Native extension for WindowsStandalone target not found
Refreshing native plugins compatible for Editor in 0.59 ms, found 0 plugins.
Preloading 0 native plugins for Editor in 0.00 ms.
[ScriptCompilation] NOT recompiling all scripts because this is an import worker process. Reason to compile was: Define symbols changed
[ScriptCompilation] NOT recompiling all scripts because this is an import worker process. Reason to compile was: Define symbols changed
Mono: successfully reloaded assembly
- Completed reload, in  1.318 seconds
Platform modules already initialized, skipping
Refreshing native plugins compatible for Editor in 0.32 ms, found 0 plugins.
Preloading 0 native plugins for Editor in 0.00 ms.
Unloading 1346 Unused Serialized files (Serialized files now loaded: 0)
System memory in use before: 71.1 MB.
System memory in use after: 69.1 MB.

Unloading 32 unused Assets to reduce memory usage. Loaded Objects now: 1819.
Total: 2.611800 ms (FindLiveObjects: 0.177400 ms CreateObjectMapping: 0.042800 ms MarkObjects: 1.701200 ms  DeleteObjects: 0.689200 ms)

========================================================================
Received Import Request.
  Time since last request: 143.451974 seconds.
  path: Assets/PostProcessing/Runtime
  artifactKey: Guid(49a5694d84630de449bbc452bfb8880c) Importer(815301076,1909f56bfc062723c751e8b465ee728b)
Start importing Assets/PostProcessing/Runtime using Guid(49a5694d84630de449bbc452bfb8880c) Importer(815301076,1909f56bfc062723c751e8b465ee728b)  -> (artifact id: 'b14bdc684510cdbffa0ee51874f5ef48') in 0.024698 seconds
  Import took 0.030996 seconds .

========================================================================
Received Prepare
Registering precompiled user dll's ...
Registered in 0.001489 seconds.
Begin MonoManager ReloadAssembly
Native extension for WindowsStandalone target not found
Refreshing native plugins compatible for Editor in 1.09 ms, found 0 plugins.
Preloading 0 native plugins for Editor in 0.00 ms.
Mono: successfully reloaded assembly
- Completed reload, in  1.477 seconds
Platform modules already initialized, skipping
Refreshing native plugins compatible for Editor in 0.26 ms, found 0 plugins.
Preloading 0 native plugins for Editor in 0.00 ms.
Unloading 1269 Unused Serialized files (Serialized files now loaded: 0)
System memory in use before: 69.6 MB.
System memory in use after: 67.6 MB.

Unloading 76 unused Assets to reduce memory usage. Loaded Objects now: 1778.
Total: 8.578400 ms (FindLiveObjects: 0.142000 ms CreateObjectMapping: 0.046700 ms MarkObjects: 6.381300 ms  DeleteObjects: 2.003900 ms)

========================================================================
Received Prepare
Registering precompiled user dll's ...
Registered in 0.003258 seconds.
Begin MonoManager ReloadAssembly
Native extension for WindowsStandalone target not found
Refreshing native plugins compatible for Editor in 0.38 ms, found 0 plugins.
Preloading 0 native plugins for Editor in 0.00 ms.
Mono: successfully reloaded assembly
- Completed reload, in  1.119 seconds
Platform modules already initialized, skipping
Refreshing native plugins compatible for Editor in 0.25 ms, found 0 plugins.
Preloading 0 native plugins for Editor in 0.00 ms.
Unloading 1269 Unused Serialized files (Serialized files now loaded: 0)
System memory in use before: 69.4 MB.
System memory in use after: 67.4 MB.

Unloading 32 unused Assets to reduce memory usage. Loaded Objects now: 1781.
Total: 4.496200 ms (FindLiveObjects: 0.155400 ms CreateObjectMapping: 0.042300 ms MarkObjects: 1.847600 ms  DeleteObjects: 2.449400 ms)

========================================================================
Received Import Request.
  Time since last request: 120.113529 seconds.
  path: Assets/Scripts
  artifactKey: Guid(fa6c4be279b375d41a5466892c0a6fd4) Importer(815301076,1909f56bfc062723c751e8b465ee728b)
Start importing Assets/Scripts using Guid(fa6c4be279b375d41a5466892c0a6fd4) Importer(815301076,1909f56bfc062723c751e8b465ee728b)  -> (artifact id: '6be33a1b2c872fe846a441f7d8ce38cb') in 0.012377 seconds
  Import took 0.015835 seconds .

========================================================================
Received Import Request.
  Time since last request: 0.006168 seconds.
  path: Assets/Scripts
  artifactKey: Guid(fa6c4be279b375d41a5466892c0a6fd4) Importer(815301076,1909f56bfc062723c751e8b465ee728b)
Start importing Assets/Scripts using Guid(fa6c4be279b375d41a5466892c0a6fd4) Importer(815301076,1909f56bfc062723c751e8b465ee728b)  -> (artifact id: '6be33a1b2c872fe846a441f7d8ce38cb') in 0.005570 seconds
  Import took 0.008537 seconds .

========================================================================
Received Import Request.
  Time since last request: 2.313420 seconds.
  path: Assets/Scripts/Enemy
  artifactKey: Guid(fc9de6d35ae1ba04faca304f86991b98) Importer(815301076,1909f56bfc062723c751e8b465ee728b)
Start importing Assets/Scripts/Enemy using Guid(fc9de6d35ae1ba04faca304f86991b98) Importer(815301076,1909f56bfc062723c751e8b465ee728b)  -> (artifact id: '02d4923064f771050fc8dfb7e13e57a4') in 0.006651 seconds
  Import took 0.009132 seconds .

========================================================================
Received Prepare
Registering precompiled user dll's ...
Registered in 0.002193 seconds.
Begin MonoManager ReloadAssembly
Native extension for WindowsStandalone target not found
Refreshing native plugins compatible for Editor in 0.88 ms, found 0 plugins.
Preloading 0 native plugins for Editor in 0.00 ms.
Mono: successfully reloaded assembly
- Completed reload, in  2.197 seconds
Platform modules already initialized, skipping
Refreshing native plugins compatible for Editor in 0.58 ms, found 0 plugins.
Preloading 0 native plugins for Editor in 0.00 ms.
Unloading 1269 Unused Serialized files (Serialized files now loaded: 0)
System memory in use before: 69.4 MB.
System memory in use after: 67.4 MB.

Unloading 32 unused Assets to reduce memory usage. Loaded Objects now: 1784.
Total: 4.925900 ms (FindLiveObjects: 0.266700 ms CreateObjectMapping: 0.154500 ms MarkObjects: 2.779900 ms  DeleteObjects: 1.722600 ms)

========================================================================
Received Prepare
Registering precompiled user dll's ...
Registered in 0.001571 seconds.
Begin MonoManager ReloadAssembly
Native extension for WindowsStandalone target not found
Refreshing native plugins compatible for Editor in 0.27 ms, found 0 plugins.
Preloading 0 native plugins for Editor in 0.00 ms.
Mono: successfully reloaded assembly
- Completed reload, in  1.122 seconds
Platform modules already initialized, skipping
Refreshing native plugins compatible for Editor in 0.28 ms, found 0 plugins.
Preloading 0 native plugins for Editor in 0.00 ms.
Unloading 1269 Unused Serialized files (Serialized files now loaded: 0)
System memory in use before: 69.4 MB.
System memory in use after: 67.4 MB.

Unloading 32 unused Assets to reduce memory usage. Loaded Objects now: 1787.
Total: 2.851200 ms (FindLiveObjects: 0.182900 ms CreateObjectMapping: 0.049100 ms MarkObjects: 1.900100 ms  DeleteObjects: 0.717900 ms)

========================================================================
Received Prepare
Registering precompiled user dll's ...
Registered in 0.004188 seconds.
Begin MonoManager ReloadAssembly
Native extension for WindowsStandalone target not found
Refreshing native plugins compatible for Editor in 1.13 ms, found 0 plugins.
Preloading 0 native plugins for Editor in 0.00 ms.
Mono: successfully reloaded assembly
- Completed reload, in  2.142 seconds
Platform modules already initialized, skipping
Refreshing native plugins compatible for Editor in 0.55 ms, found 0 plugins.
Preloading 0 native plugins for Editor in 0.00 ms.
Unloading 1269 Unused Serialized files (Serialized files now loaded: 0)
System memory in use before: 69.4 MB.
System memory in use after: 67.4 MB.

Unloading 32 unused Assets to reduce memory usage. Loaded Objects now: 1790.
Total: 5.261600 ms (FindLiveObjects: 0.428600 ms CreateObjectMapping: 0.065700 ms MarkObjects: 3.661700 ms  DeleteObjects: 1.102600 ms)

========================================================================
Received Import Request.
  Time since last request: 400.701940 seconds.
  path: Assets/Scripts/Player
  artifactKey: Guid(56677911b3cb1044f9a408d62dda884a) Importer(815301076,1909f56bfc062723c751e8b465ee728b)
Start importing Assets/Scripts/Player using Guid(56677911b3cb1044f9a408d62dda884a) Importer(815301076,1909f56bfc062723c751e8b465ee728b)  -> (artifact id: '071aa3f4ca83cd9527ab7a23c5a47dc5') in 0.009027 seconds
  Import took 0.012450 seconds .

========================================================================
Received Import Request.
  Time since last request: 0.005479 seconds.
  path: Assets/Scripts/Player
  artifactKey: Guid(56677911b3cb1044f9a408d62dda884a) Importer(815301076,1909f56bfc062723c751e8b465ee728b)
Start importing Assets/Scripts/Player using Guid(56677911b3cb1044f9a408d62dda884a) Importer(815301076,1909f56bfc062723c751e8b465ee728b)  -> (artifact id: '071aa3f4ca83cd9527ab7a23c5a47dc5') in 0.006416 seconds
  Import took 0.009560 seconds .

========================================================================
Received Import Request.
  Time since last request: 2.280936 seconds.
  path: Assets/Scripts/Player/PlayerShooting.cs
  artifactKey: Guid(6c83720df9acb89488dbf2c0dbd3ad78) Importer(815301076,1909f56bfc062723c751e8b465ee728b)
Start importing Assets/Scripts/Player/PlayerShooting.cs using Guid(6c83720df9acb89488dbf2c0dbd3ad78) Importer(815301076,1909f56bfc062723c751e8b465ee728b)  -> (artifact id: '60b666cc0c8c764ed19c4cad90246379') in 0.022430 seconds
  Import took 0.027953 seconds .

========================================================================
Received Import Request.
  Time since last request: 0.043149 seconds.
  path: Assets/Scripts/Player/PlayerShooting.cs
  artifactKey: Guid(6c83720df9acb89488dbf2c0dbd3ad78) Importer(815301076,1909f56bfc062723c751e8b465ee728b)
Start importing Assets/Scripts/Player/PlayerShooting.cs using Guid(6c83720df9acb89488dbf2c0dbd3ad78) Importer(815301076,1909f56bfc062723c751e8b465ee728b)  -> (artifact id: '60b666cc0c8c764ed19c4cad90246379') in 0.008015 seconds
  Import took 0.015696 seconds .

========================================================================
Received Import Request.
  Time since last request: 1161.197540 seconds.
  path: Assets/Prefabs/Enemies
  artifactKey: Guid(8dbebbbafa697694e81b0d34eb109ec5) Importer(815301076,1909f56bfc062723c751e8b465ee728b)
Start importing Assets/Prefabs/Enemies using Guid(8dbebbbafa697694e81b0d34eb109ec5) Importer(815301076,1909f56bfc062723c751e8b465ee728b)  -> (artifact id: '3146598558fa95b83311af73fde0fcf8') in 0.018021 seconds
  Import took 0.044509 seconds .

========================================================================
Received Import Request.
  Time since last request: 1.335904 seconds.
  path: Assets/Prefabs/Enemies/ZomBear.prefab
  artifactKey: Guid(ea3c2728ef33e3a4d99527a86cda6465) Importer(815301076,1909f56bfc062723c751e8b465ee728b)
Start importing Assets/Prefabs/Enemies/ZomBear.prefab using Guid(ea3c2728ef33e3a4d99527a86cda6465) Importer(815301076,1909f56bfc062723c751e8b465ee728b)  -> (artifact id: '373d8947fada7e67a5e5f970cfac9613') in 0.797900 seconds
  Import took 0.801935 seconds .

========================================================================
Received Import Request.
  Time since last request: 6.488359 seconds.
  path: Assets/Prefabs/Enemies/ZomBunny.prefab
  artifactKey: Guid(e5171f72421770240bd7c3989fe351e3) Importer(815301076,1909f56bfc062723c751e8b465ee728b)
Start importing Assets/Prefabs/Enemies/ZomBunny.prefab using Guid(e5171f72421770240bd7c3989fe351e3) Importer(815301076,1909f56bfc062723c751e8b465ee728b)  -> (artifact id: '277a28790032fe29199f655f68778254') in 0.073221 seconds
  Import took 0.084303 seconds .

========================================================================
Received Import Request.
  Time since last request: 0.015806 seconds.
  path: Assets/Prefabs/Enemies/ZomBunny.prefab
  artifactKey: Guid(e5171f72421770240bd7c3989fe351e3) Importer(815301076,1909f56bfc062723c751e8b465ee728b)
Start importing Assets/Prefabs/Enemies/ZomBunny.prefab using Guid(e5171f72421770240bd7c3989fe351e3) Importer(815301076,1909f56bfc062723c751e8b465ee728b)  -> (artifact id: '277a28790032fe29199f655f68778254') in 0.057733 seconds
  Import took 0.062745 seconds .

========================================================================
Received Import Request.
  Time since last request: 5.401873 seconds.
  path: Assets/Prefabs/Enemies/Hellephant.prefab
  artifactKey: Guid(548c56f4bcf4db24b8aa057e9846a005) Importer(815301076,1909f56bfc062723c751e8b465ee728b)
Start importing Assets/Prefabs/Enemies/Hellephant.prefab using Guid(548c56f4bcf4db24b8aa057e9846a005) Importer(815301076,1909f56bfc062723c751e8b465ee728b)  -> (artifact id: '37cbce62c660cd8998846eedc2d440ed') in 0.068074 seconds
  Import took 0.074147 seconds .

========================================================================
Received Import Request.
  Time since last request: 0.008470 seconds.
  path: Assets/Prefabs/Enemies/Hellephant.prefab
  artifactKey: Guid(548c56f4bcf4db24b8aa057e9846a005) Importer(815301076,1909f56bfc062723c751e8b465ee728b)
Start importing Assets/Prefabs/Enemies/Hellephant.prefab using Guid(548c56f4bcf4db24b8aa057e9846a005) Importer(815301076,1909f56bfc062723c751e8b465ee728b)  -> (artifact id: '37cbce62c660cd8998846eedc2d440ed') in 0.056211 seconds
  Import took 0.061309 seconds .

========================================================================
Received Import Request.
  Time since last request: 79.187856 seconds.
  path: Assets/Animation/HellephantAnimatorOverrideController.overrideController
  artifactKey: Guid(19b1058b58d5e314bb115a937b9bcf48) Importer(815301076,1909f56bfc062723c751e8b465ee728b)
Start importing Assets/Animation/HellephantAnimatorOverrideController.overrideController using Guid(19b1058b58d5e314bb115a937b9bcf48) Importer(815301076,1909f56bfc062723c751e8b465ee728b)  -> (artifact id: '4caa8d7dcbfc6b0a9aff681ccef9db4d') in 0.026978 seconds
  Import took 0.030611 seconds .

========================================================================
Received Import Request.
  Time since last request: 7.934796 seconds.
  path: Assets/Models/Characters/ZomBear.fbx
  artifactKey: Guid(c236aa7ad6dcabe47abc7d2cf903ae71) Importer(815301076,1909f56bfc062723c751e8b465ee728b)
Start importing Assets/Models/Characters/ZomBear.fbx using Guid(c236aa7ad6dcabe47abc7d2cf903ae71) Importer(815301076,1909f56bfc062723c751e8b465ee728b)  -> (artifact id: 'c0d89df57db8c01f3b472d7f6eaafff1') in 0.544015 seconds
  Import took 0.549320 seconds .

========================================================================
Received Import Request.
  Time since last request: 1.361847 seconds.
  path: Assets/Models/Characters/Zombunny.fbx
  artifactKey: Guid(be66986effd141b4992d2d78be127139) Importer(815301076,1909f56bfc062723c751e8b465ee728b)
Start importing Assets/Models/Characters/Zombunny.fbx using Guid(be66986effd141b4992d2d78be127139) Importer(815301076,1909f56bfc062723c751e8b465ee728b)  -> (artifact id: '5f71a401925f0a9c52c9a98f04722665') in 0.037619 seconds
  Import took 0.042445 seconds .

========================================================================
Received Import Request.
  Time since last request: 0.001342 seconds.
  path: Assets/Models/Characters/Zombunny.fbx
  artifactKey: Guid(be66986effd141b4992d2d78be127139) Importer(815301076,1909f56bfc062723c751e8b465ee728b)
Start importing Assets/Models/Characters/Zombunny.fbx using Guid(be66986effd141b4992d2d78be127139) Importer(815301076,1909f56bfc062723c751e8b465ee728b)  -> (artifact id: '5f71a401925f0a9c52c9a98f04722665') in 0.044877 seconds
  Import took 0.048468 seconds .

========================================================================
Received Import Request.
  Time since last request: 15.635724 seconds.
  path: Assets/Animation/FaerieStateMachine.controller
  artifactKey: Guid(27e0e56b08f26324887792303d1f9cf9) Importer(815301076,1909f56bfc062723c751e8b465ee728b)
Start importing Assets/Animation/FaerieStateMachine.controller using Guid(27e0e56b08f26324887792303d1f9cf9) Importer(815301076,1909f56bfc062723c751e8b465ee728b)  -> (artifact id: 'e88e0854b4a7a9c897b0fbaaaa5b6baa') in 0.037894 seconds
  Import took 0.045852 seconds .

========================================================================
Received Import Request.
  Time since last request: 0.470133 seconds.
  path: Assets/Animation/EnemyAnimatorController.controller
  artifactKey: Guid(2cd6bf77cac24414c8e134b0c0e7aed3) Importer(815301076,1909f56bfc062723c751e8b465ee728b)
Start importing Assets/Animation/EnemyAnimatorController.controller using Guid(2cd6bf77cac24414c8e134b0c0e7aed3) Importer(815301076,1909f56bfc062723c751e8b465ee728b)  -> (artifact id: '6945fe454eb0cabb8ad114a0aa77902a') in 0.009803 seconds
  Import took 0.013167 seconds .

========================================================================
Received Import Request.
  Time since last request: 37.172328 seconds.
  path: Assets/Models/Characters/Hellephant.fbx
  artifactKey: Guid(b77f122f451a2394898a24191c26107c) Importer(815301076,1909f56bfc062723c751e8b465ee728b)
Start importing Assets/Models/Characters/Hellephant.fbx using Guid(b77f122f451a2394898a24191c26107c) Importer(815301076,1909f56bfc062723c751e8b465ee728b)  -> (artifact id: 'd174a899ca5f6d6476af80a4ce34e0f3') in 0.061030 seconds
  Import took 0.070640 seconds .

========================================================================
Received Import Request.
  Time since last request: 42.967413 seconds.
  path: Assets/Animation/HUDCanvas.controller
  artifactKey: Guid(7684b011ce5d1a74289a94d4e2ca434a) Importer(815301076,1909f56bfc062723c751e8b465ee728b)
Start importing Assets/Animation/HUDCanvas.controller using Guid(7684b011ce5d1a74289a94d4e2ca434a) Importer(815301076,1909f56bfc062723c751e8b465ee728b)  -> (artifact id: '236b2b89b18d5ac9d83159b8dedf6474') in 0.018256 seconds
  Import took 0.025065 seconds .

========================================================================
Received Import Request.
  Time since last request: 1.074474 seconds.
  path: Assets/Animation
  artifactKey: Guid(024ee6ce2b5e1754292e43f4a4abf721) Importer(815301076,1909f56bfc062723c751e8b465ee728b)
Start importing Assets/Animation using Guid(024ee6ce2b5e1754292e43f4a4abf721) Importer(815301076,1909f56bfc062723c751e8b465ee728b)  -> (artifact id: 'ff1e29d6a3a31cc02e043eac1cf9b82c') in 0.015134 seconds
  Import took 0.019375 seconds .

========================================================================
Received Import Request.
  Time since last request: 106.907822 seconds.
  path: Assets/Scenes/Level01.unity
  artifactKey: Guid(0c35443dc6f0fab47a5fa12039cfc4af) Importer(815301076,1909f56bfc062723c751e8b465ee728b)
Start importing Assets/Scenes/Level01.unity using Guid(0c35443dc6f0fab47a5fa12039cfc4af) Importer(815301076,1909f56bfc062723c751e8b465ee728b)  -> (artifact id: '6b9318992931fa73e15f1682651e8c48') in 0.008181 seconds
  Import took 0.011334 seconds .

AssetImportWorkerClient::OnTransportError - code=2 error=End of file
